2025-04-03 00:00:18,566 DEBUG [main] c.e.d.a.ServiceAop [ServiceAop.java:41] --> com.example.demo.bean.OrderProcessor.process()
2025-04-03 00:00:18,567 DEBUG [main] c.e.d.a.ServiceAop [ServiceAop.java:17] --> OrderReceiverBean.receiveOrder()
2025-04-03 00:00:18,567 DEBUG [main] c.e.d.a.ServiceAop [ServiceAop.java:18] <-- OrderReceiverBean.receiveOrder()
2025-04-03 00:00:18,568 DEBUG [main] c.e.d.a.ServiceAop [ServiceAop.java:29] --> PaymentProcessorBean.processPayment()
2025-04-03 00:00:18,568 DEBUG [main] c.e.d.a.ServiceAop [ServiceAop.java:30] <-- PaymentProcessorBean.processPayment()
2025-04-03 00:00:18,581 DEBUG [main] c.e.d.a.ServiceAop [ServiceAop.java:45] <-- com.example.demo.bean.OrderProcessor.process()
2025-04-03 00:00:18,582 DEBUG [main] c.e.d.a.ServiceAop [ServiceAop.java:22] --> Chef.cook()
2025-04-03 00:00:18,582 DEBUG [main] c.e.d.a.ServiceAop [ServiceAop.java:23] <-- Chef.cook()
2025-04-03 00:00:18,582 DEBUG [main] c.e.d.a.ServiceAop [ServiceAop.java:34] --> DeliveryService.deliver()
2025-04-03 00:00:18,583 DEBUG [main] c.e.d.a.ServiceAop [ServiceAop.java:35] <-- DeliveryService.deliver()
2025-04-03 00:00:27,594 DEBUG [main] c.e.d.a.ServiceAop [ServiceAop.java:41] --> com.example.demo.bean.OrderProcessor.process()
2025-04-03 00:00:27,595 DEBUG [main] c.e.d.a.ServiceAop [ServiceAop.java:17] --> OrderReceiverBean.receiveOrder()
2025-04-03 00:00:27,595 DEBUG [main] c.e.d.a.ServiceAop [ServiceAop.java:18] <-- OrderReceiverBean.receiveOrder()
2025-04-03 00:00:27,596 DEBUG [main] c.e.d.a.ServiceAop [ServiceAop.java:29] --> PaymentProcessorBean.processPayment()
2025-04-03 00:00:27,596 DEBUG [main] c.e.d.a.ServiceAop [ServiceAop.java:30] <-- PaymentProcessorBean.processPayment()
2025-04-03 00:00:27,596 DEBUG [main] c.e.d.a.ServiceAop [ServiceAop.java:45] <-- com.example.demo.bean.OrderProcessor.process()
2025-04-03 00:00:27,597 DEBUG [main] c.e.d.a.ServiceAop [ServiceAop.java:22] --> Chef.cook()
2025-04-03 00:00:27,597 DEBUG [main] c.e.d.a.ServiceAop [ServiceAop.java:23] <-- Chef.cook()
2025-04-03 00:00:27,597 DEBUG [main] c.e.d.a.ServiceAop [ServiceAop.java:34] --> DeliveryService.deliver()
2025-04-03 00:00:27,597 DEBUG [main] c.e.d.a.ServiceAop [ServiceAop.java:35] <-- DeliveryService.deliver()
2025-04-03 00:07:24,757 DEBUG [main] c.e.d.a.ServiceAop [ServiceAop.java:41] --> com.example.demo.bean.OrderProcessor.process()
2025-04-03 00:07:24,758 DEBUG [main] c.e.d.a.ServiceAop [ServiceAop.java:17] --> OrderReceiverBean.receiveOrder()
2025-04-03 00:07:24,758 DEBUG [main] c.e.d.a.ServiceAop [ServiceAop.java:18] <-- OrderReceiverBean.receiveOrder()
2025-04-03 00:07:24,759 DEBUG [main] c.e.d.a.ServiceAop [ServiceAop.java:29] --> PaymentProcessorBean.processPayment()
2025-04-03 00:07:24,759 DEBUG [main] c.e.d.a.ServiceAop [ServiceAop.java:30] <-- PaymentProcessorBean.processPayment()
2025-04-03 00:07:24,760 DEBUG [main] c.e.d.a.ServiceAop [ServiceAop.java:45] <-- com.example.demo.bean.OrderProcessor.process()
2025-04-03 00:07:24,760 DEBUG [main] c.e.d.a.ServiceAop [ServiceAop.java:22] --> Chef.cook()
2025-04-03 00:07:24,760 DEBUG [main] c.e.d.a.ServiceAop [ServiceAop.java:23] <-- Chef.cook()
2025-04-03 00:07:24,761 DEBUG [main] c.e.d.a.ServiceAop [ServiceAop.java:34] --> DeliveryService.deliver()
2025-04-03 00:07:24,761 DEBUG [main] c.e.d.a.ServiceAop [ServiceAop.java:35] <-- DeliveryService.deliver()
2025-04-03 00:09:38,840 DEBUG [main] c.e.d.a.ServiceAop [ServiceAop.java:41] --> com.example.demo.bean.OrderProcessor.process()
2025-04-03 00:09:38,841 DEBUG [main] c.e.d.a.ServiceAop [ServiceAop.java:17] --> OrderReceiverBean.receiveOrder()
2025-04-03 00:09:38,841 DEBUG [main] c.e.d.a.ServiceAop [ServiceAop.java:18] <-- OrderReceiverBean.receiveOrder()
2025-04-03 00:09:38,842 DEBUG [main] c.e.d.a.ServiceAop [ServiceAop.java:29] --> PaymentProcessorBean.processPayment()
2025-04-03 00:09:38,842 DEBUG [main] c.e.d.a.ServiceAop [ServiceAop.java:30] <-- PaymentProcessorBean.processPayment()
2025-04-03 00:09:38,843 DEBUG [main] c.e.d.a.ServiceAop [ServiceAop.java:45] <-- com.example.demo.bean.OrderProcessor.process()
2025-04-03 00:09:38,843 DEBUG [main] c.e.d.a.ServiceAop [ServiceAop.java:22] --> Chef.cook()
2025-04-03 00:09:38,843 DEBUG [main] c.e.d.a.ServiceAop [ServiceAop.java:23] <-- Chef.cook()
2025-04-03 00:09:38,844 DEBUG [main] c.e.d.a.ServiceAop [ServiceAop.java:34] --> DeliveryService.deliver()
2025-04-03 00:09:38,844 DEBUG [main] c.e.d.a.ServiceAop [ServiceAop.java:35] <-- DeliveryService.deliver()
2025-04-03 00:23:49,518 DEBUG [main] c.e.d.a.ServiceAop [ServiceAop.java:41] --> com.example.demo.bean.OrderProcessor.process()
2025-04-03 00:23:49,521 DEBUG [main] c.e.d.a.ServiceAop [ServiceAop.java:17] --> OrderReceiverBean.receiveOrder()
2025-04-03 00:23:49,521 DEBUG [main] c.e.d.a.ServiceAop [ServiceAop.java:18] <-- OrderReceiverBean.receiveOrder()
2025-04-03 00:23:49,522 DEBUG [main] c.e.d.a.ServiceAop [ServiceAop.java:29] --> PaymentProcessorBean.processPayment()
2025-04-03 00:23:49,522 DEBUG [main] c.e.d.a.ServiceAop [ServiceAop.java:30] <-- PaymentProcessorBean.processPayment()
2025-04-03 00:23:49,523 DEBUG [main] c.e.d.a.ServiceAop [ServiceAop.java:45] <-- com.example.demo.bean.OrderProcessor.process()
2025-04-03 00:23:49,523 DEBUG [main] c.e.d.a.ServiceAop [ServiceAop.java:22] --> Chef.cook()
2025-04-03 00:23:49,523 DEBUG [main] c.e.d.a.ServiceAop [ServiceAop.java:23] <-- Chef.cook()
2025-04-03 00:23:49,524 DEBUG [main] c.e.d.a.ServiceAop [ServiceAop.java:34] --> DeliveryService.deliver()
2025-04-03 00:23:49,524 DEBUG [main] c.e.d.a.ServiceAop [ServiceAop.java:35] <-- DeliveryService.deliver()
2025-04-03 00:23:50,163 DEBUG [main] c.e.d.a.ServiceAop [ServiceAop.java:34] --> DeliveryService.deliver()
2025-04-03 00:23:50,163 DEBUG [main] c.e.d.a.ServiceAop [ServiceAop.java:35] <-- DeliveryService.deliver()
2025-04-03 00:33:19,454 DEBUG [main] c.e.d.a.ServiceAop [ServiceAop.java:41] --> com.example.demo.bean.OrderProcessor.process()
2025-04-03 00:33:19,456 DEBUG [main] c.e.d.a.ServiceAop [ServiceAop.java:17] --> OrderReceiverBean.receiveOrder()
2025-04-03 00:33:19,456 DEBUG [main] c.e.d.a.ServiceAop [ServiceAop.java:18] <-- OrderReceiverBean.receiveOrder()
2025-04-03 00:33:19,457 DEBUG [main] c.e.d.a.ServiceAop [ServiceAop.java:29] --> PaymentProcessorBean.processPayment()
2025-04-03 00:33:19,458 DEBUG [main] c.e.d.a.ServiceAop [ServiceAop.java:30] <-- PaymentProcessorBean.processPayment()
2025-04-03 00:33:19,458 DEBUG [main] c.e.d.a.ServiceAop [ServiceAop.java:45] <-- com.example.demo.bean.OrderProcessor.process()
2025-04-03 00:33:19,458 DEBUG [main] c.e.d.a.ServiceAop [ServiceAop.java:22] --> Chef.cook()
2025-04-03 00:33:19,458 DEBUG [main] c.e.d.a.ServiceAop [ServiceAop.java:23] <-- Chef.cook()
2025-04-03 00:35:20,894 DEBUG [main] c.e.d.a.ServiceAop [ServiceAop.java:41] --> com.example.demo.bean.OrderProcessor.process()
2025-04-03 00:35:20,896 DEBUG [main] c.e.d.a.ServiceAop [ServiceAop.java:17] --> OrderReceiverBean.receiveOrder()
2025-04-03 00:35:20,897 DEBUG [main] c.e.d.a.ServiceAop [ServiceAop.java:18] <-- OrderReceiverBean.receiveOrder()
2025-04-03 00:35:20,899 DEBUG [main] c.e.d.a.ServiceAop [ServiceAop.java:29] --> PaymentProcessorBean.processPayment()
2025-04-03 00:35:20,900 DEBUG [main] c.e.d.a.ServiceAop [ServiceAop.java:30] <-- PaymentProcessorBean.processPayment()
2025-04-03 00:35:20,901 DEBUG [main] c.e.d.a.ServiceAop [ServiceAop.java:45] <-- com.example.demo.bean.OrderProcessor.process()
2025-04-03 00:35:20,927 DEBUG [main] c.e.d.a.ServiceAop [ServiceAop.java:34] --> DeliveryService.deliver()
2025-04-03 00:35:20,928 DEBUG [main] c.e.d.a.ServiceAop [ServiceAop.java:35] <-- DeliveryService.deliver()
2025-04-03 00:36:37,478 DEBUG [main] c.e.d.a.ServiceAop [ServiceAop.java:41] --> com.example.demo.bean.OrderProcessor.process()
2025-04-03 00:36:37,480 DEBUG [main] c.e.d.a.ServiceAop [ServiceAop.java:17] --> OrderReceiverBean.receiveOrder()
2025-04-03 00:36:37,480 DEBUG [main] c.e.d.a.ServiceAop [ServiceAop.java:18] <-- OrderReceiverBean.receiveOrder()
2025-04-03 00:36:37,481 DEBUG [main] c.e.d.a.ServiceAop [ServiceAop.java:29] --> PaymentProcessorBean.processPayment()
2025-04-03 00:36:37,481 DEBUG [main] c.e.d.a.ServiceAop [ServiceAop.java:30] <-- PaymentProcessorBean.processPayment()
2025-04-03 00:36:37,482 DEBUG [main] c.e.d.a.ServiceAop [ServiceAop.java:45] <-- com.example.demo.bean.OrderProcessor.process()
2025-04-03 00:36:37,503 DEBUG [main] c.e.d.a.ServiceAop [ServiceAop.java:34] --> DeliveryService.deliver()
2025-04-03 00:36:37,503 DEBUG [main] c.e.d.a.ServiceAop [ServiceAop.java:35] <-- DeliveryService.deliver()
2025-04-03 00:37:02,173 DEBUG [main] c.e.d.a.ServiceAop [ServiceAop.java:41] --> com.example.demo.bean.OrderProcessor.process()
2025-04-03 00:37:02,175 DEBUG [main] c.e.d.a.ServiceAop [ServiceAop.java:17] --> OrderReceiverBean.receiveOrder()
2025-04-03 00:37:02,176 DEBUG [main] c.e.d.a.ServiceAop [ServiceAop.java:18] <-- OrderReceiverBean.receiveOrder()
2025-04-03 00:37:02,177 DEBUG [main] c.e.d.a.ServiceAop [ServiceAop.java:29] --> PaymentProcessorBean.processPayment()
2025-04-03 00:37:02,178 DEBUG [main] c.e.d.a.ServiceAop [ServiceAop.java:30] <-- PaymentProcessorBean.processPayment()
2025-04-03 00:37:02,178 DEBUG [main] c.e.d.a.ServiceAop [ServiceAop.java:45] <-- com.example.demo.bean.OrderProcessor.process()
2025-04-03 00:37:02,205 DEBUG [main] c.e.d.a.ServiceAop [ServiceAop.java:34] --> DeliveryService.deliver()
2025-04-03 00:37:02,205 DEBUG [main] c.e.d.a.ServiceAop [ServiceAop.java:35] <-- DeliveryService.deliver()
2025-04-03 00:37:12,554 DEBUG [main] c.e.d.a.ServiceAop [ServiceAop.java:41] --> com.example.demo.bean.OrderProcessor.process()
2025-04-03 00:37:12,556 DEBUG [main] c.e.d.a.ServiceAop [ServiceAop.java:17] --> OrderReceiverBean.receiveOrder()
2025-04-03 00:37:12,556 DEBUG [main] c.e.d.a.ServiceAop [ServiceAop.java:18] <-- OrderReceiverBean.receiveOrder()
2025-04-03 00:37:12,557 DEBUG [main] c.e.d.a.ServiceAop [ServiceAop.java:29] --> PaymentProcessorBean.processPayment()
2025-04-03 00:37:12,557 DEBUG [main] c.e.d.a.ServiceAop [ServiceAop.java:30] <-- PaymentProcessorBean.processPayment()
2025-04-03 00:37:12,558 DEBUG [main] c.e.d.a.ServiceAop [ServiceAop.java:45] <-- com.example.demo.bean.OrderProcessor.process()
2025-04-03 00:37:12,581 DEBUG [main] c.e.d.a.ServiceAop [ServiceAop.java:34] --> DeliveryService.deliver()
2025-04-03 00:37:12,581 DEBUG [main] c.e.d.a.ServiceAop [ServiceAop.java:35] <-- DeliveryService.deliver()
2025-04-03 00:38:37,980 DEBUG [main] c.e.d.a.ServiceAop [ServiceAop.java:41] --> com.example.demo.bean.OrderProcessor.process()
2025-04-03 00:38:37,982 DEBUG [main] c.e.d.a.ServiceAop [ServiceAop.java:17] --> OrderReceiverBean.receiveOrder()
2025-04-03 00:38:37,982 DEBUG [main] c.e.d.a.ServiceAop [ServiceAop.java:18] <-- OrderReceiverBean.receiveOrder()
2025-04-03 00:38:37,984 DEBUG [main] c.e.d.a.ServiceAop [ServiceAop.java:29] --> PaymentProcessorBean.processPayment()
2025-04-03 00:38:37,985 DEBUG [main] c.e.d.a.ServiceAop [ServiceAop.java:30] <-- PaymentProcessorBean.processPayment()
2025-04-03 00:38:37,986 DEBUG [main] c.e.d.a.ServiceAop [ServiceAop.java:45] <-- com.example.demo.bean.OrderProcessor.process()
2025-04-03 00:38:38,013 DEBUG [main] c.e.d.a.ServiceAop [ServiceAop.java:34] --> DeliveryService.deliver()
2025-04-03 00:38:38,013 DEBUG [main] c.e.d.a.ServiceAop [ServiceAop.java:35] <-- DeliveryService.deliver()
2025-04-03 00:40:48,817 DEBUG [main] c.e.d.a.ServiceAop [ServiceAop.java:41] --> com.example.demo.bean.OrderProcessor.process()
2025-04-03 00:40:48,819 DEBUG [main] c.e.d.a.ServiceAop [ServiceAop.java:17] --> OrderReceiverBean.receiveOrder()
2025-04-03 00:40:48,820 DEBUG [main] c.e.d.a.ServiceAop [ServiceAop.java:18] <-- OrderReceiverBean.receiveOrder()
2025-04-03 00:40:48,822 DEBUG [main] c.e.d.a.ServiceAop [ServiceAop.java:29] --> PaymentProcessorBean.processPayment()
2025-04-03 00:40:48,823 DEBUG [main] c.e.d.a.ServiceAop [ServiceAop.java:30] <-- PaymentProcessorBean.processPayment()
2025-04-03 00:40:48,823 DEBUG [main] c.e.d.a.ServiceAop [ServiceAop.java:45] <-- com.example.demo.bean.OrderProcessor.process()
2025-04-03 00:40:48,847 DEBUG [main] c.e.d.a.ServiceAop [ServiceAop.java:34] --> DeliveryService.deliver()
2025-04-03 00:40:48,848 DEBUG [main] c.e.d.a.ServiceAop [ServiceAop.java:35] <-- DeliveryService.deliver()
2025-04-03 00:41:15,337 DEBUG [main] c.e.d.a.ServiceAop [ServiceAop.java:41] --> com.example.demo.bean.OrderProcessor.process()
2025-04-03 00:41:15,338 DEBUG [main] c.e.d.a.ServiceAop [ServiceAop.java:17] --> OrderReceiverBean.receiveOrder()
2025-04-03 00:41:15,339 DEBUG [main] c.e.d.a.ServiceAop [ServiceAop.java:18] <-- OrderReceiverBean.receiveOrder()
2025-04-03 00:41:15,340 DEBUG [main] c.e.d.a.ServiceAop [ServiceAop.java:29] --> PaymentProcessorBean.processPayment()
2025-04-03 00:41:15,340 DEBUG [main] c.e.d.a.ServiceAop [ServiceAop.java:30] <-- PaymentProcessorBean.processPayment()
2025-04-03 00:41:15,340 DEBUG [main] c.e.d.a.ServiceAop [ServiceAop.java:45] <-- com.example.demo.bean.OrderProcessor.process()
2025-04-03 00:41:15,356 DEBUG [main] c.e.d.a.ServiceAop [ServiceAop.java:34] --> DeliveryService.deliver()
2025-04-03 00:41:15,356 DEBUG [main] c.e.d.a.ServiceAop [ServiceAop.java:35] <-- DeliveryService.deliver()
