2024-08-01 13:32:10,370 INFO [main] c.e.d.a.a.AccountAop [AccountAop.java:24] login([1, 1])
2024-08-01 13:32:55,538 INFO [main] c.e.d.a.a.AccountAop [AccountAop.java:24] login([1, 1])
2024-08-01 13:35:59,054 INFO [main] c.e.d.a.a.AccountAop [AccountAop.java:24] login([1, 1])
2024-08-01 13:38:57,194 INFO [main] c.e.d.a.a.AccountAop [AccountAop.java:24] login([1, 1])
2024-08-01 13:39:43,956 INFO [main] c.e.d.a.a.AccountAop [AccountAop.java:24] login([1, 1])
2024-08-01 13:40:28,604 INFO [main] c.e.d.a.a.AccountAop [AccountAop.java:24] login([1, 1])
2024-08-01 13:44:38,469 INFO [main] c.e.d.a.a.AccountAop [AccountAop.java:24] login([1, 1])
2024-08-01 13:45:22,549 INFO [main] c.e.d.a.a.AccountAop [AccountAop.java:24] login([1, 1])
2024-08-01 13:45:48,905 INFO [main] c.e.d.a.a.AccountAop [AccountAop.java:24] login([1, 1])
2024-08-01 13:46:48,607 INFO [main] c.e.d.a.a.AccountAop [AccountAop.java:24] login([1, 1])
2024-08-01 13:48:36,702 INFO [main] c.e.d.a.a.AccountAop [AccountAop.java:24] login([1, 1])
2024-08-01 14:45:52,047 INFO [main] c.e.d.a.a.AccountAop [AccountAop.java:24] login([1, 1])
2024-08-01 14:47:28,137 INFO [main] c.e.d.a.a.AccountAop [AccountAop.java:24] login([1, 1])
2024-08-01 15:11:39,969 INFO [main] c.e.d.a.a.AccountAop [AccountAop.java:24] login([1, 1])
2024-08-01 15:11:39,973 INFO [main] c.e.d.a.a.AccountAop [AccountAop.java:24] logout([])
2024-08-01 15:17:21,774 INFO [main] c.e.d.a.a.AccountAop [AccountAop.java:24] login([1, password])
2024-08-01 15:17:40,100 INFO [main] c.e.d.a.a.AccountAop [AccountAop.java:24] login([1, 1])
2024-08-01 15:17:40,103 INFO [main] c.e.d.a.a.AccountAop [AccountAop.java:24] logout([])
2024-08-01 15:18:23,443 INFO [main] c.e.d.a.a.AccountAop [AccountAop.java:24] login([1, 1])
2024-08-01 15:18:23,447 INFO [main] c.e.d.a.a.AccountAop [AccountAop.java:24] logout([])
2024-08-01 15:18:36,191 INFO [main] c.e.d.a.a.AccountAop [AccountAop.java:24] login([1, 1])
2024-08-01 15:18:36,194 INFO [main] c.e.d.a.a.AccountAop [AccountAop.java:24] logout([])
2024-08-01 15:18:54,184 INFO [main] c.e.d.a.a.AccountAop [AccountAop.java:24] login([1, 1])
2024-08-01 15:19:10,288 INFO [main] c.e.d.a.a.AccountAop [AccountAop.java:24] login([1, 1])
2024-08-01 15:20:48,672 INFO [main] c.e.d.a.a.AccountAop [AccountAop.java:24] login([1, 1])
2024-08-01 15:20:48,676 INFO [main] c.e.d.a.a.AccountAop [AccountAop.java:24] logout([])
2024-08-01 15:21:23,667 INFO [main] c.e.d.a.a.AccountAop [AccountAop.java:24] login([1, 1])
2024-08-01 15:21:23,671 INFO [main] c.e.d.a.a.AccountAop [AccountAop.java:24] logout([])
2024-08-01 15:21:57,983 INFO [main] c.e.d.a.a.AccountAop [AccountAop.java:24] login([1, 1])
2024-08-01 15:21:57,987 INFO [main] c.e.d.a.a.AccountAop [AccountAop.java:24] logout([])
2024-08-01 15:22:10,125 INFO [main] c.e.d.a.a.AccountAop [AccountAop.java:24] login([1, 1])
2024-08-01 15:22:10,128 INFO [main] c.e.d.a.a.AccountAop [AccountAop.java:24] logout([])
2024-08-01 15:27:17,834 INFO [main] c.e.d.a.a.AccountAop [AccountAop.java:24] login([1, 1])
2024-08-01 15:27:17,838 INFO [main] c.e.d.a.a.AccountAop [AccountAop.java:24] logout([])
2024-08-01 15:27:30,150 INFO [main] c.e.d.a.a.AccountAop [AccountAop.java:24] login([1, 1])
2024-08-01 15:27:30,153 INFO [main] c.e.d.a.a.AccountAop [AccountAop.java:24] logout([])
2024-08-01 15:27:50,802 INFO [main] c.e.d.a.a.AccountAop [AccountAop.java:24] login([1, 1])
2024-08-01 15:30:55,578 INFO [main] c.e.d.a.a.AccountAop [AccountAop.java:24] login([1, 1])
2024-08-01 15:30:55,582 INFO [main] c.e.d.a.a.AccountAop [AccountAop.java:24] logout([])
2024-08-01 15:31:21,993 INFO [main] c.e.d.a.a.AccountAop [AccountAop.java:24] login([1, 1])
2024-08-01 15:31:52,285 INFO [main] c.e.d.a.a.AccountAop [AccountAop.java:24] login([1, 1])
2024-08-01 15:32:30,823 INFO [main] c.e.d.a.a.AccountAop [AccountAop.java:24] login([1, 1])
2024-08-01 15:32:54,662 INFO [main] c.e.d.a.a.AccountAop [AccountAop.java:24] login([1, 1])
2024-08-01 15:35:39,212 INFO [main] c.e.d.a.a.AccountAop [AccountAop.java:24] login([1, 1])
2024-08-01 15:35:39,243 INFO [main] c.e.d.a.a.AccountAop [AccountAop.java:24] login([1, 1])
2024-08-01 15:35:39,244 INFO [main] c.e.d.a.a.AccountAop [AccountAop.java:24] logout([])
2024-08-01 15:38:07,476 INFO [main] c.e.d.a.a.AccountAop [AccountAop.java:24] login([1, 1])
2024-08-01 15:38:07,483 INFO [main] c.e.d.a.a.AccountAop [AccountAop.java:24] login([1, 1])
2024-08-01 15:38:18,737 INFO [main] c.e.d.a.a.AccountAop [AccountAop.java:24] login([1, 1])
2024-08-01 15:38:18,749 INFO [main] c.e.d.a.a.AccountAop [AccountAop.java:24] login([1, 1])
2024-08-01 15:38:18,773 INFO [main] c.e.d.a.a.AccountAop [AccountAop.java:24] login([1, 1])
2024-08-01 15:38:18,774 INFO [main] c.e.d.a.a.AccountAop [AccountAop.java:24] logout([])
2024-08-01 15:38:18,890 INFO [main] c.e.d.a.a.AccountAop [AccountAop.java:24] login([1, 1])
2024-08-01 15:38:18,895 INFO [main] c.e.d.a.a.AccountAop [AccountAop.java:24] login([1, 1])
2024-08-01 15:38:18,910 INFO [main] c.e.d.a.a.AccountAop [AccountAop.java:24] login([1, 1])
2024-08-01 15:38:18,916 INFO [main] c.e.d.a.a.AccountAop [AccountAop.java:24] login([1, 1])
2024-08-01 15:38:18,916 INFO [main] c.e.d.a.a.AccountAop [AccountAop.java:24] logout([])
2024-08-01 15:38:19,027 INFO [main] c.e.d.a.a.AccountAop [AccountAop.java:24] login([1, 1])
2024-08-01 15:38:19,027 INFO [main] c.e.d.a.a.AccountAop [AccountAop.java:24] logout([])
2024-08-01 15:39:02,868 INFO [main] c.e.d.a.a.AccountAop [AccountAop.java:24] login([1, 1])
2024-08-01 15:39:02,879 INFO [main] c.e.d.a.a.AccountAop [AccountAop.java:24] login([1, 1])
2024-08-01 15:39:02,902 INFO [main] c.e.d.a.a.AccountAop [AccountAop.java:24] login([1, 1])
2024-08-01 15:39:02,903 INFO [main] c.e.d.a.a.AccountAop [AccountAop.java:24] logout([])
2024-08-01 15:39:03,043 INFO [main] c.e.d.a.a.AccountAop [AccountAop.java:24] login([1, 1])
2024-08-01 15:39:03,052 INFO [main] c.e.d.a.a.AccountAop [AccountAop.java:24] login([1, 1])
2024-08-01 15:39:03,052 INFO [main] c.e.d.a.a.AccountAop [AccountAop.java:24] logout([])
2024-08-01 15:39:03,068 INFO [main] c.e.d.a.a.AccountAop [AccountAop.java:24] login([1, 1])
2024-08-01 15:39:03,074 INFO [main] c.e.d.a.a.AccountAop [AccountAop.java:24] login([1, 1])
2024-08-01 15:39:03,074 INFO [main] c.e.d.a.a.AccountAop [AccountAop.java:24] logout([])
2024-08-01 15:39:03,179 INFO [main] c.e.d.a.a.AccountAop [AccountAop.java:24] login([1, 1])
2024-08-01 15:39:03,179 INFO [main] c.e.d.a.a.AccountAop [AccountAop.java:24] logout([])
2024-08-01 15:39:18,062 INFO [main] c.e.d.a.a.AccountAop [AccountAop.java:24] login([1, 1])
2024-08-01 15:39:18,071 INFO [main] c.e.d.a.a.AccountAop [AccountAop.java:24] login([1, 1])
2024-08-01 15:39:18,095 INFO [main] c.e.d.a.a.AccountAop [AccountAop.java:24] login([1, 1])
2024-08-01 15:39:18,096 INFO [main] c.e.d.a.a.AccountAop [AccountAop.java:24] logout([])
2024-08-01 15:39:18,232 INFO [main] c.e.d.a.a.AccountAop [AccountAop.java:24] login([1, 1])
2024-08-01 15:39:18,242 INFO [main] c.e.d.a.a.AccountAop [AccountAop.java:24] login([1, 1])
2024-08-01 15:39:18,242 INFO [main] c.e.d.a.a.AccountAop [AccountAop.java:24] logout([])
2024-08-01 15:39:18,256 INFO [main] c.e.d.a.a.AccountAop [AccountAop.java:24] login([1, 1])
2024-08-01 15:39:18,262 INFO [main] c.e.d.a.a.AccountAop [AccountAop.java:24] login([1, 1])
2024-08-01 15:39:18,263 INFO [main] c.e.d.a.a.AccountAop [AccountAop.java:24] logout([])
2024-08-01 15:39:18,367 INFO [main] c.e.d.a.a.AccountAop [AccountAop.java:24] login([1, 1])
2024-08-01 15:39:18,367 INFO [main] c.e.d.a.a.AccountAop [AccountAop.java:24] logout([])
2024-08-01 15:40:24,215 INFO [main] c.e.d.a.a.AccountAop [AccountAop.java:24] login([1, 1])
2024-08-01 15:40:24,228 INFO [main] c.e.d.a.a.AccountAop [AccountAop.java:24] login([1, 1])
2024-08-01 15:40:24,252 INFO [main] c.e.d.a.a.AccountAop [AccountAop.java:24] login([1, 1])
2024-08-01 15:40:24,253 INFO [main] c.e.d.a.a.AccountAop [AccountAop.java:24] logout([])
2024-08-01 15:40:24,386 INFO [main] c.e.d.a.a.AccountAop [AccountAop.java:24] login([1, 1])
2024-08-01 15:40:24,396 INFO [main] c.e.d.a.a.AccountAop [AccountAop.java:24] login([1, 1])
2024-08-01 15:40:24,396 INFO [main] c.e.d.a.a.AccountAop [AccountAop.java:24] logout([])
2024-08-01 15:40:24,409 INFO [main] c.e.d.a.a.AccountAop [AccountAop.java:24] login([1, 1])
2024-08-01 15:40:24,415 INFO [main] c.e.d.a.a.AccountAop [AccountAop.java:24] login([1, 1])
2024-08-01 15:40:24,415 INFO [main] c.e.d.a.a.AccountAop [AccountAop.java:24] logout([])
2024-08-01 15:40:24,525 INFO [main] c.e.d.a.a.AccountAop [AccountAop.java:24] login([1, 1])
2024-08-01 15:40:24,525 INFO [main] c.e.d.a.a.AccountAop [AccountAop.java:24] logout([])
2024-08-01 15:46:32,271 INFO [main] c.e.d.a.a.AccountAop [AccountAop.java:24] login([1, 1])
2024-08-01 15:46:32,283 INFO [main] c.e.d.a.a.AccountAop [AccountAop.java:24] login([1, 1])
2024-08-01 15:46:32,306 INFO [main] c.e.d.a.a.AccountAop [AccountAop.java:24] login([1, 1])
2024-08-01 15:46:32,307 INFO [main] c.e.d.a.a.AccountAop [AccountAop.java:24] logout([])
2024-08-01 15:46:32,457 INFO [main] c.e.d.a.a.AccountAop [AccountAop.java:24] login([1, 1])
2024-08-01 15:46:32,467 INFO [main] c.e.d.a.a.AccountAop [AccountAop.java:24] login([1, 1])
2024-08-01 15:46:32,467 INFO [main] c.e.d.a.a.AccountAop [AccountAop.java:24] logout([])
2024-08-01 15:46:32,481 INFO [main] c.e.d.a.a.AccountAop [AccountAop.java:24] login([1, 1])
2024-08-01 15:46:32,486 INFO [main] c.e.d.a.a.AccountAop [AccountAop.java:24] login([1, 1])
2024-08-01 15:46:32,487 INFO [main] c.e.d.a.a.AccountAop [AccountAop.java:24] logout([])
2024-08-01 15:46:32,597 INFO [main] c.e.d.a.a.AccountAop [AccountAop.java:24] login([1, 1])
2024-08-01 15:46:32,598 INFO [main] c.e.d.a.a.AccountAop [AccountAop.java:24] logout([])
2024-08-01 15:46:43,467 INFO [main] c.e.d.a.a.AccountAop [AccountAop.java:24] login([1, 1])
2024-08-01 15:47:12,663 INFO [main] c.e.d.a.a.AccountAop [AccountAop.java:24] login([1, 1])
2024-08-01 15:47:23,772 INFO [main] c.e.d.a.a.AccountAop [AccountAop.java:24] login([1, 1])
2024-08-01 15:47:59,677 INFO [main] c.e.d.a.a.AccountAop [AccountAop.java:24] login([1, 1])
2024-08-01 15:48:01,668 INFO [main] c.e.d.a.a.AccountAop [AccountAop.java:24] login([2, 2])
2024-08-01 15:48:03,630 INFO [main] c.e.d.a.a.AccountAop [AccountAop.java:24] login([1, 3])
2024-08-01 15:48:06,108 INFO [main] c.e.d.a.a.AccountAop [AccountAop.java:24] login([1, 1])
2024-08-01 15:50:53,269 INFO [main] c.e.d.a.a.AccountAop [AccountAop.java:24] login([1, 1])
2024-08-01 15:50:53,281 INFO [main] c.e.d.a.a.AccountAop [AccountAop.java:24] login([1, 1])
2024-08-01 15:50:53,306 INFO [main] c.e.d.a.a.AccountAop [AccountAop.java:24] login([1, 1])
2024-08-01 15:50:53,306 INFO [main] c.e.d.a.a.AccountAop [AccountAop.java:24] logout([])
2024-08-01 15:50:53,454 INFO [main] c.e.d.a.a.AccountAop [AccountAop.java:24] login([1, 1])
2024-08-01 15:50:53,463 INFO [main] c.e.d.a.a.AccountAop [AccountAop.java:24] login([1, 1])
2024-08-01 15:50:53,464 INFO [main] c.e.d.a.a.AccountAop [AccountAop.java:24] logout([])
2024-08-01 15:50:53,477 INFO [main] c.e.d.a.a.AccountAop [AccountAop.java:24] login([1, 1])
2024-08-01 15:50:53,481 INFO [main] c.e.d.a.a.AccountAop [AccountAop.java:24] login([1, 1])
2024-08-01 15:50:53,482 INFO [main] c.e.d.a.a.AccountAop [AccountAop.java:24] logout([])
2024-08-01 15:50:53,589 INFO [main] c.e.d.a.a.AccountAop [AccountAop.java:24] login([1, 1])
2024-08-01 15:50:53,589 INFO [main] c.e.d.a.a.AccountAop [AccountAop.java:24] logout([])
2024-08-01 15:59:32,492 INFO [main] c.e.d.a.a.AccountAop [AccountAop.java:24] login([1, 1])
2024-08-01 16:04:14,107 INFO [main] c.e.d.a.a.AccountAop [AccountAop.java:24] login([1, 1])
2024-08-01 16:04:14,118 INFO [main] c.e.d.a.a.AccountAop [AccountAop.java:24] login([1, 1])
2024-08-01 16:04:14,146 INFO [main] c.e.d.a.a.AccountAop [AccountAop.java:24] login([1, 1])
2024-08-01 16:04:14,146 INFO [main] c.e.d.a.a.AccountAop [AccountAop.java:24] logout([])
2024-08-01 16:04:14,292 INFO [main] c.e.d.a.a.AccountAop [AccountAop.java:24] login([1, 1])
2024-08-01 16:04:14,301 INFO [main] c.e.d.a.a.AccountAop [AccountAop.java:24] login([1, 1])
2024-08-01 16:04:14,302 INFO [main] c.e.d.a.a.AccountAop [AccountAop.java:24] logout([])
2024-08-01 16:04:14,312 INFO [main] c.e.d.a.a.AccountAop [AccountAop.java:24] login([1, 1])
2024-08-01 16:04:14,317 INFO [main] c.e.d.a.a.AccountAop [AccountAop.java:24] login([1, 1])
2024-08-01 16:04:14,318 INFO [main] c.e.d.a.a.AccountAop [AccountAop.java:24] logout([])
2024-08-01 16:04:14,427 INFO [main] c.e.d.a.a.AccountAop [AccountAop.java:24] login([1, 1])
2024-08-01 16:04:14,427 INFO [main] c.e.d.a.a.AccountAop [AccountAop.java:24] logout([])
2024-08-01 16:04:30,094 INFO [main] c.e.d.a.a.AccountAop [AccountAop.java:24] login([1, 1])
2024-08-01 16:04:30,104 INFO [main] c.e.d.a.a.AccountAop [AccountAop.java:24] login([1, 1])
2024-08-01 16:04:30,104 INFO [main] c.e.d.a.a.AccountAop [AccountAop.java:24] logout([])
2024-08-01 16:04:30,229 INFO [main] c.e.d.a.a.AccountAop [AccountAop.java:24] login([1, 1])
2024-08-01 16:04:30,230 INFO [main] c.e.d.a.a.AccountAop [AccountAop.java:24] logout([])
2024-08-01 16:04:30,258 INFO [main] c.e.d.a.a.AccountAop [AccountAop.java:24] login([1, 1])
2024-08-01 16:04:30,263 INFO [main] c.e.d.a.a.AccountAop [AccountAop.java:24] login([1, 1])
2024-08-01 16:04:30,267 INFO [main] c.e.d.a.a.AccountAop [AccountAop.java:24] login([1, 1])
2024-08-01 16:04:30,268 INFO [main] c.e.d.a.a.AccountAop [AccountAop.java:24] logout([])
2024-08-01 16:04:30,399 INFO [main] c.e.d.a.a.AccountAop [AccountAop.java:24] login([1, 1])
2024-08-01 16:04:30,406 INFO [main] c.e.d.a.a.AccountAop [AccountAop.java:24] login([1, 1])
2024-08-01 16:04:30,406 INFO [main] c.e.d.a.a.AccountAop [AccountAop.java:24] logout([])
2024-08-01 16:08:59,463 INFO [main] c.e.d.a.a.AccountAop [AccountAop.java:24] login([1, 1])
2024-08-01 16:08:59,475 INFO [main] c.e.d.a.a.AccountAop [AccountAop.java:24] login([1, 1])
2024-08-01 16:08:59,500 INFO [main] c.e.d.a.a.AccountAop [AccountAop.java:24] login([1, 1])
2024-08-01 16:08:59,501 INFO [main] c.e.d.a.a.AccountAop [AccountAop.java:24] logout([])
2024-08-01 16:08:59,645 INFO [main] c.e.d.a.a.AccountAop [AccountAop.java:24] login([1, 1])
2024-08-01 16:08:59,655 INFO [main] c.e.d.a.a.AccountAop [AccountAop.java:24] login([1, 1])
2024-08-01 16:08:59,655 INFO [main] c.e.d.a.a.AccountAop [AccountAop.java:24] logout([])
2024-08-01 16:08:59,666 INFO [main] c.e.d.a.a.AccountAop [AccountAop.java:24] login([1, 1])
2024-08-01 16:08:59,671 INFO [main] c.e.d.a.a.AccountAop [AccountAop.java:24] login([1, 1])
2024-08-01 16:08:59,671 INFO [main] c.e.d.a.a.AccountAop [AccountAop.java:24] logout([])
2024-08-01 16:08:59,782 INFO [main] c.e.d.a.a.AccountAop [AccountAop.java:24] login([1, 1])
2024-08-01 16:08:59,782 INFO [main] c.e.d.a.a.AccountAop [AccountAop.java:24] logout([])

2025-04-04 23:04:56,534 INFO [main] c.e.d.a.a.AccountAop [AccountAop.java:27] login([1, 1])
2025-04-04 23:05:32,646 INFO [main] c.e.d.a.a.AccountAop [AccountAop.java:31] logout([])
2025-04-04 23:05:50,911 INFO [main] c.e.d.a.a.AccountAop [AccountAop.java:27] login([2, 2])
2025-04-04 23:06:10,040 INFO [main] c.e.d.a.a.AccountAop [AccountAop.java:31] logout([])
2025-04-06 22:27:50,375 INFO [main] c.e.d.a.a.AccountAop [AccountAop.java:31] getCurrentAccount([])
2025-04-06 22:27:50,425 INFO [main] c.e.d.a.a.AccountAop [AccountAop.java:31] getCurrentAccount([])
2025-04-06 22:27:50,434 INFO [main] c.e.d.a.a.AccountAop [AccountAop.java:27] login([1, 1])
2025-04-06 22:27:50,438 INFO [main] c.e.d.a.a.AccountAop [AccountAop.java:31] getCurrentAccount([])
2025-04-06 22:27:50,455 INFO [main] c.e.d.a.a.AccountAop [AccountAop.java:31] getCurrentAccount([])
2025-04-06 22:27:50,465 INFO [main] c.e.d.a.a.AccountAop [AccountAop.java:31] getCurrentAccount([])
2025-04-06 22:27:50,470 INFO [main] c.e.d.a.a.AccountAop [AccountAop.java:27] login([1, 1])
2025-04-06 22:27:50,473 INFO [main] c.e.d.a.a.AccountAop [AccountAop.java:31] getCurrentAccount([])
2025-04-06 22:27:50,485 INFO [main] c.e.d.a.a.AccountAop [AccountAop.java:31] getCurrentAccount([])
2025-04-06 22:27:50,495 INFO [main] c.e.d.a.a.AccountAop [AccountAop.java:31] getCurrentAccount([])
2025-04-06 22:28:13,866 INFO [main] c.e.d.a.a.AccountAop [AccountAop.java:31] getCurrentAccount([])
2025-04-06 22:28:13,887 INFO [main] c.e.d.a.a.AccountAop [AccountAop.java:31] getCurrentAccount([])
2025-04-06 22:28:13,891 INFO [main] c.e.d.a.a.AccountAop [AccountAop.java:27] login([1, 1])
2025-04-06 22:28:13,891 INFO [main] c.e.d.a.a.AccountAop [AccountAop.java:31] getCurrentAccount([])
2025-04-06 22:28:13,896 INFO [main] c.e.d.a.a.AccountAop [AccountAop.java:31] getCurrentAccount([])
2025-04-06 22:28:13,901 INFO [main] c.e.d.a.a.AccountAop [AccountAop.java:31] getCurrentAccount([])
2025-04-06 22:28:13,904 INFO [main] c.e.d.a.a.AccountAop [AccountAop.java:27] login([1, 1])
2025-04-06 22:28:13,905 INFO [main] c.e.d.a.a.AccountAop [AccountAop.java:31] getCurrentAccount([])
2025-04-06 22:28:13,912 INFO [main] c.e.d.a.a.AccountAop [AccountAop.java:31] getCurrentAccount([])
2025-04-06 22:28:13,915 INFO [main] c.e.d.a.a.AccountAop [AccountAop.java:31] getCurrentAccount([])
2025-04-06 22:28:46,285 INFO [main] c.e.d.a.a.AccountAop [AccountAop.java:31] getCurrentAccount([])
2025-04-06 22:28:46,306 INFO [main] c.e.d.a.a.AccountAop [AccountAop.java:31] getCurrentAccount([])
2025-04-06 22:28:46,310 INFO [main] c.e.d.a.a.AccountAop [AccountAop.java:27] login([1, 1])
2025-04-06 22:28:46,311 INFO [main] c.e.d.a.a.AccountAop [AccountAop.java:31] getCurrentAccount([])
2025-04-06 22:28:46,316 INFO [main] c.e.d.a.a.AccountAop [AccountAop.java:31] getCurrentAccount([])
2025-04-06 22:28:46,321 INFO [main] c.e.d.a.a.AccountAop [AccountAop.java:31] getCurrentAccount([])
2025-04-06 22:28:46,326 INFO [main] c.e.d.a.a.AccountAop [AccountAop.java:27] login([1, 1])
2025-04-06 22:28:46,327 INFO [main] c.e.d.a.a.AccountAop [AccountAop.java:31] getCurrentAccount([])
2025-04-06 22:28:46,333 INFO [main] c.e.d.a.a.AccountAop [AccountAop.java:31] getCurrentAccount([])
2025-04-06 22:28:46,336 INFO [main] c.e.d.a.a.AccountAop [AccountAop.java:31] getCurrentAccount([])
2025-04-06 22:29:18,611 INFO [main] c.e.d.a.a.AccountAop [AccountAop.java:27] login([1, 1])
2025-04-06 22:29:18,619 INFO [main] c.e.d.a.a.AccountAop [AccountAop.java:27] login([1, 1])
2025-04-06 22:29:18,626 INFO [main] c.e.d.a.a.AccountAop [AccountAop.java:27] login([1, 1])
2025-04-06 22:29:39,454 INFO [main] c.e.d.a.a.AccountAop [AccountAop.java:27] login([1, 1])
2025-04-06 22:29:39,472 INFO [main] c.e.d.a.a.AccountAop [AccountAop.java:31] logout([])
2025-04-06 22:29:48,390 INFO [main] c.e.d.a.a.AccountAop [AccountAop.java:27] login([1, 1])
2025-04-06 22:29:48,399 INFO [main] c.e.d.a.a.AccountAop [AccountAop.java:27] login([1, 1])
2025-04-06 22:29:48,408 INFO [main] c.e.d.a.a.AccountAop [AccountAop.java:27] login([1, 1])
2025-04-06 22:31:05,096 INFO [main] c.e.d.a.a.AccountAop [AccountAop.java:31] getCurrentAccount([])
2025-04-06 22:31:12,120 INFO [main] c.e.d.a.a.AccountAop [AccountAop.java:31] getCurrentAccount([])
2025-04-06 22:31:12,136 INFO [main] c.e.d.a.a.AccountAop [AccountAop.java:27] login([1, 1])
2025-04-06 22:31:12,154 INFO [main] c.e.d.a.a.AccountAop [AccountAop.java:31] getCurrentAccount([])
2025-04-06 22:31:12,167 INFO [main] c.e.d.a.a.AccountAop [AccountAop.java:27] login([1, 1])
2025-04-06 22:31:12,182 INFO [main] c.e.d.a.a.AccountAop [AccountAop.java:27] login([1, 1])
2025-04-06 22:31:12,189 INFO [main] c.e.d.a.a.AccountAop [AccountAop.java:31] getCurrentAccount([])
2025-04-06 22:32:42,800 INFO [main] c.e.d.a.a.AccountAop [AccountAop.java:31] getCurrentAccount([])
2025-04-06 22:32:42,815 INFO [main] c.e.d.a.a.AccountAop [AccountAop.java:27] login([1, 1])
2025-04-06 22:32:42,837 INFO [main] c.e.d.a.a.AccountAop [AccountAop.java:31] getCurrentAccount([])
2025-04-06 22:32:42,846 INFO [main] c.e.d.a.a.AccountAop [AccountAop.java:27] login([1, 1])
2025-04-06 22:32:42,863 INFO [main] c.e.d.a.a.AccountAop [AccountAop.java:27] login([1, 1])
2025-04-06 22:32:42,868 INFO [main] c.e.d.a.a.AccountAop [AccountAop.java:31] getCurrentAccount([])
2025-04-06 22:33:26,450 INFO [main] c.e.d.a.a.AccountAop [AccountAop.java:31] getCurrentAccount([])
2025-04-06 22:33:26,454 INFO [main] c.e.d.a.a.AccountAop [AccountAop.java:31] getCurrentAccount([])
2025-04-06 22:33:26,467 INFO [main] c.e.d.a.a.AccountAop [AccountAop.java:27] login([1, 1])
2025-04-06 22:33:26,487 INFO [main] c.e.d.a.a.AccountAop [AccountAop.java:31] getCurrentAccount([])
2025-04-06 22:33:26,496 INFO [main] c.e.d.a.a.AccountAop [AccountAop.java:31] getCurrentAccount([])
2025-04-06 22:33:26,496 INFO [main] c.e.d.a.a.AccountAop [AccountAop.java:31] logout([])
2025-04-06 22:33:26,499 INFO [main] c.e.d.a.a.AccountAop [AccountAop.java:27] login([1, 1])
2025-04-06 22:33:26,578 INFO [main] c.e.d.a.a.AccountAop [AccountAop.java:31] getCurrentAccount([])
2025-04-06 22:33:26,578 INFO [main] c.e.d.a.a.AccountAop [AccountAop.java:31] logout([])
2025-04-06 22:33:26,582 INFO [main] c.e.d.a.a.AccountAop [AccountAop.java:31] getCurrentAccount([])
2025-04-06 22:33:26,586 INFO [main] c.e.d.a.a.AccountAop [AccountAop.java:27] login([1, 1])
2025-04-06 22:33:26,586 INFO [main] c.e.d.a.a.AccountAop [AccountAop.java:31] logout([])
2025-04-06 22:33:26,587 INFO [main] c.e.d.a.a.AccountAop [AccountAop.java:31] getCurrentAccount([])
2025-04-06 22:33:26,587 INFO [main] c.e.d.a.a.AccountAop [AccountAop.java:31] getCurrentAccount([])
2025-04-06 22:33:26,592 INFO [main] c.e.d.a.a.AccountAop [AccountAop.java:31] getCurrentAccount([])
2025-04-06 22:33:26,595 INFO [main] c.e.d.a.a.AccountAop [AccountAop.java:31] getCurrentAccount([])
2025-04-06 22:33:59,844 INFO [main] c.e.d.a.a.AccountAop [AccountAop.java:31] getCurrentAccount([])
2025-04-06 22:33:59,864 INFO [main] c.e.d.a.a.AccountAop [AccountAop.java:27] login([1, 1])
2025-04-06 22:33:59,870 INFO [main] c.e.d.a.a.AccountAop [AccountAop.java:31] getCurrentAccount([])
2025-04-06 22:33:59,870 INFO [main] c.e.d.a.a.AccountAop [AccountAop.java:31] logout([])
2025-04-06 22:33:59,874 INFO [main] c.e.d.a.a.AccountAop [AccountAop.java:27] login([1, 1])
2025-04-06 22:33:59,940 INFO [main] c.e.d.a.a.AccountAop [AccountAop.java:31] getCurrentAccount([])
2025-04-06 22:33:59,940 INFO [main] c.e.d.a.a.AccountAop [AccountAop.java:31] logout([])
2025-04-06 22:33:59,944 INFO [main] c.e.d.a.a.AccountAop [AccountAop.java:31] getCurrentAccount([])
2025-04-06 22:33:59,947 INFO [main] c.e.d.a.a.AccountAop [AccountAop.java:27] login([1, 1])
2025-04-06 22:33:59,948 INFO [main] c.e.d.a.a.AccountAop [AccountAop.java:31] logout([])
2025-04-06 22:33:59,952 INFO [main] c.e.d.a.a.AccountAop [AccountAop.java:31] getCurrentAccount([])
2025-04-06 22:33:59,961 INFO [main] c.e.d.a.a.AccountAop [AccountAop.java:31] getCurrentAccount([])
2025-04-06 22:34:48,491 INFO [main] c.e.d.a.a.AccountAop [AccountAop.java:31] getCurrentAccount([])
2025-04-06 22:34:48,495 INFO [main] c.e.d.a.a.AccountAop [AccountAop.java:31] getCurrentAccount([])
2025-04-06 22:34:48,510 INFO [main] c.e.d.a.a.AccountAop [AccountAop.java:27] login([1, 1])
2025-04-06 22:34:48,534 INFO [main] c.e.d.a.a.AccountAop [AccountAop.java:31] getCurrentAccount([])
2025-04-06 22:34:48,542 INFO [main] c.e.d.a.a.AccountAop [AccountAop.java:31] getCurrentAccount([])
2025-04-06 22:34:48,543 INFO [main] c.e.d.a.a.AccountAop [AccountAop.java:31] logout([])
2025-04-06 22:34:48,548 INFO [main] c.e.d.a.a.AccountAop [AccountAop.java:27] login([1, 1])
2025-04-06 22:34:48,623 INFO [main] c.e.d.a.a.AccountAop [AccountAop.java:31] getCurrentAccount([])
2025-04-06 22:34:48,624 INFO [main] c.e.d.a.a.AccountAop [AccountAop.java:31] logout([])
2025-04-06 22:34:48,626 INFO [main] c.e.d.a.a.AccountAop [AccountAop.java:31] getCurrentAccount([])
2025-04-06 22:34:48,631 INFO [main] c.e.d.a.a.AccountAop [AccountAop.java:27] login([1, 1])
2025-04-06 22:34:48,632 INFO [main] c.e.d.a.a.AccountAop [AccountAop.java:31] logout([])
2025-04-06 22:34:48,633 INFO [main] c.e.d.a.a.AccountAop [AccountAop.java:31] getCurrentAccount([])
2025-04-06 22:34:48,633 INFO [main] c.e.d.a.a.AccountAop [AccountAop.java:31] getCurrentAccount([])
2025-04-06 22:34:48,638 INFO [main] c.e.d.a.a.AccountAop [AccountAop.java:31] getCurrentAccount([])
2025-04-06 22:34:48,640 INFO [main] c.e.d.a.a.AccountAop [AccountAop.java:31] getCurrentAccount([])
2025-04-06 22:35:24,326 INFO [main] c.e.d.a.a.AccountAop [AccountAop.java:27] login([1, 1])
2025-04-06 22:35:24,344 INFO [main] c.e.d.a.a.AccountAop [AccountAop.java:31] getCurrentAccount([])
2025-04-06 22:35:24,352 INFO [main] c.e.d.a.a.AccountAop [AccountAop.java:31] getCurrentAccount([])
2025-04-06 22:35:24,352 INFO [main] c.e.d.a.a.AccountAop [AccountAop.java:31] logout([])
2025-04-06 22:35:31,755 INFO [main] c.e.d.a.a.AccountAop [AccountAop.java:31] getCurrentAccount([])
2025-04-06 22:35:31,757 INFO [main] c.e.d.a.a.AccountAop [AccountAop.java:31] getCurrentAccount([])
2025-04-06 22:35:31,771 INFO [main] c.e.d.a.a.AccountAop [AccountAop.java:27] login([1, 1])
2025-04-06 22:35:31,792 INFO [main] c.e.d.a.a.AccountAop [AccountAop.java:31] getCurrentAccount([])
2025-04-06 22:35:31,798 INFO [main] c.e.d.a.a.AccountAop [AccountAop.java:31] getCurrentAccount([])
2025-04-06 22:35:31,800 INFO [main] c.e.d.a.a.AccountAop [AccountAop.java:31] logout([])
2025-04-06 22:35:31,805 INFO [main] c.e.d.a.a.AccountAop [AccountAop.java:27] login([1, 1])
2025-04-06 22:35:31,880 INFO [main] c.e.d.a.a.AccountAop [AccountAop.java:31] getCurrentAccount([])
2025-04-06 22:35:31,881 INFO [main] c.e.d.a.a.AccountAop [AccountAop.java:31] logout([])
2025-04-06 22:35:31,884 INFO [main] c.e.d.a.a.AccountAop [AccountAop.java:31] getCurrentAccount([])
2025-04-06 22:35:31,887 INFO [main] c.e.d.a.a.AccountAop [AccountAop.java:27] login([1, 1])
2025-04-06 22:35:31,888 INFO [main] c.e.d.a.a.AccountAop [AccountAop.java:31] logout([])
2025-04-06 22:35:31,889 INFO [main] c.e.d.a.a.AccountAop [AccountAop.java:31] getCurrentAccount([])
2025-04-06 22:35:31,890 INFO [main] c.e.d.a.a.AccountAop [AccountAop.java:31] getCurrentAccount([])
2025-04-06 22:35:31,895 INFO [main] c.e.d.a.a.AccountAop [AccountAop.java:27] login([1, 1])
2025-04-06 22:35:31,896 INFO [main] c.e.d.a.a.AccountAop [AccountAop.java:31] getCurrentAccount([])
2025-04-06 22:35:31,899 INFO [main] c.e.d.a.a.AccountAop [AccountAop.java:31] getCurrentAccount([])
2025-04-06 22:35:31,899 INFO [main] c.e.d.a.a.AccountAop [AccountAop.java:31] logout([])
2025-04-06 22:37:07,273 INFO [main] c.e.d.a.a.AccountAop [AccountAop.java:27] login([1, 1])
2025-04-06 22:37:07,291 INFO [main] c.e.d.a.a.AccountAop [AccountAop.java:31] getCurrentAccount([])
2025-04-06 22:37:07,300 INFO [main] c.e.d.a.a.AccountAop [AccountAop.java:31] getCurrentAccount([])
2025-04-06 22:37:07,300 INFO [main] c.e.d.a.a.AccountAop [AccountAop.java:31] logout([])
2025-04-06 22:37:17,306 INFO [main] c.e.d.a.a.AccountAop [AccountAop.java:31] getCurrentAccount([])
2025-04-06 22:37:17,310 INFO [main] c.e.d.a.a.AccountAop [AccountAop.java:31] getCurrentAccount([])
2025-04-06 22:37:17,322 INFO [main] c.e.d.a.a.AccountAop [AccountAop.java:27] login([1, 1])
2025-04-06 22:37:17,341 INFO [main] c.e.d.a.a.AccountAop [AccountAop.java:31] getCurrentAccount([])
2025-04-06 22:37:17,351 INFO [main] c.e.d.a.a.AccountAop [AccountAop.java:31] getCurrentAccount([])
2025-04-06 22:37:17,352 INFO [main] c.e.d.a.a.AccountAop [AccountAop.java:31] logout([])
2025-04-06 22:37:17,356 INFO [main] c.e.d.a.a.AccountAop [AccountAop.java:27] login([1, 1])
2025-04-06 22:37:17,421 INFO [main] c.e.d.a.a.AccountAop [AccountAop.java:31] getCurrentAccount([])
2025-04-06 22:37:17,422 INFO [main] c.e.d.a.a.AccountAop [AccountAop.java:31] logout([])
2025-04-06 22:37:17,425 INFO [main] c.e.d.a.a.AccountAop [AccountAop.java:31] getCurrentAccount([])
2025-04-06 22:37:17,428 INFO [main] c.e.d.a.a.AccountAop [AccountAop.java:27] login([1, 1])
2025-04-06 22:37:17,428 INFO [main] c.e.d.a.a.AccountAop [AccountAop.java:31] logout([])
2025-04-06 22:37:17,429 INFO [main] c.e.d.a.a.AccountAop [AccountAop.java:31] getCurrentAccount([])
2025-04-06 22:37:17,429 INFO [main] c.e.d.a.a.AccountAop [AccountAop.java:31] getCurrentAccount([])
2025-04-06 22:37:17,432 INFO [main] c.e.d.a.a.AccountAop [AccountAop.java:27] login([1, 1])
2025-04-06 22:37:17,434 INFO [main] c.e.d.a.a.AccountAop [AccountAop.java:31] getCurrentAccount([])
2025-04-06 22:37:17,436 INFO [main] c.e.d.a.a.AccountAop [AccountAop.java:31] getCurrentAccount([])
2025-04-06 22:37:17,436 INFO [main] c.e.d.a.a.AccountAop [AccountAop.java:31] logout([])
2025-04-06 22:37:39,353 INFO [main] c.e.d.a.a.AccountAop [AccountAop.java:31] getCurrentAccount([])
2025-04-06 22:37:39,373 INFO [main] c.e.d.a.a.AccountAop [AccountAop.java:31] getCurrentAccount([])
2025-04-06 22:37:39,379 INFO [main] c.e.d.a.a.AccountAop [AccountAop.java:27] login([1, 1])
2025-04-06 22:37:39,380 INFO [main] c.e.d.a.a.AccountAop [AccountAop.java:31] getCurrentAccount([])
2025-04-06 22:37:39,385 INFO [main] c.e.d.a.a.AccountAop [AccountAop.java:31] getCurrentAccount([])
2025-04-06 22:37:39,390 INFO [main] c.e.d.a.a.AccountAop [AccountAop.java:31] getCurrentAccount([])
2025-04-06 22:37:39,394 INFO [main] c.e.d.a.a.AccountAop [AccountAop.java:27] login([1, 1])
2025-04-06 22:37:39,395 INFO [main] c.e.d.a.a.AccountAop [AccountAop.java:31] getCurrentAccount([])
2025-04-06 22:37:39,401 INFO [main] c.e.d.a.a.AccountAop [AccountAop.java:31] getCurrentAccount([])
2025-04-06 22:37:39,404 INFO [main] c.e.d.a.a.AccountAop [AccountAop.java:31] getCurrentAccount([])
2025-04-06 22:41:27,407 INFO [main] c.e.d.a.a.AccountAop [AccountAop.java:31] getCurrentAccount([])
2025-04-06 22:41:27,430 INFO [main] c.e.d.a.a.AccountAop [AccountAop.java:31] getCurrentAccount([])
2025-04-06 22:41:27,435 INFO [main] c.e.d.a.a.AccountAop [AccountAop.java:27] login([1, 1])
2025-04-06 22:41:27,437 INFO [main] c.e.d.a.a.AccountAop [AccountAop.java:31] getCurrentAccount([])
2025-04-06 22:41:27,442 INFO [main] c.e.d.a.a.AccountAop [AccountAop.java:31] getCurrentAccount([])
2025-04-06 22:41:27,447 INFO [main] c.e.d.a.a.AccountAop [AccountAop.java:31] getCurrentAccount([])
2025-04-06 22:41:27,450 INFO [main] c.e.d.a.a.AccountAop [AccountAop.java:27] login([1, 1])
2025-04-06 22:41:27,450 INFO [main] c.e.d.a.a.AccountAop [AccountAop.java:31] getCurrentAccount([])
2025-04-06 22:41:27,455 INFO [main] c.e.d.a.a.AccountAop [AccountAop.java:31] getCurrentAccount([])
2025-04-06 22:41:27,460 INFO [main] c.e.d.a.a.AccountAop [AccountAop.java:31] getCurrentAccount([])
2025-04-06 22:42:06,065 INFO [main] c.e.d.a.a.AccountAop [AccountAop.java:31] getCurrentAccount([])
2025-04-06 22:42:06,093 INFO [main] c.e.d.a.a.AccountAop [AccountAop.java:31] getCurrentAccount([])
2025-04-06 22:42:06,099 INFO [main] c.e.d.a.a.AccountAop [AccountAop.java:27] login([1, 1])
2025-04-06 22:42:06,104 INFO [main] c.e.d.a.a.AccountAop [AccountAop.java:31] getCurrentAccount([])
2025-04-06 22:42:06,104 INFO [main] c.e.d.a.a.AccountAop [AccountAop.java:31] getCurrentAccount([])
2025-04-06 22:42:06,105 INFO [main] c.e.d.a.a.AccountAop [AccountAop.java:31] logout([])
2025-04-06 22:42:06,110 INFO [main] c.e.d.a.a.AccountAop [AccountAop.java:31] getCurrentAccount([])
2025-04-06 22:42:06,115 INFO [main] c.e.d.a.a.AccountAop [AccountAop.java:31] getCurrentAccount([])
2025-04-06 22:42:06,119 INFO [main] c.e.d.a.a.AccountAop [AccountAop.java:27] login([1, 1])
2025-04-06 22:42:06,121 INFO [main] c.e.d.a.a.AccountAop [AccountAop.java:31] logout([])
2025-04-06 22:42:06,121 INFO [main] c.e.d.a.a.AccountAop [AccountAop.java:31] getCurrentAccount([])
2025-04-06 22:42:06,122 INFO [main] c.e.d.a.a.AccountAop [AccountAop.java:31] getCurrentAccount([])
2025-04-06 22:42:06,126 INFO [main] c.e.d.a.a.AccountAop [AccountAop.java:31] getCurrentAccount([])
2025-04-06 22:42:06,135 INFO [main] c.e.d.a.a.AccountAop [AccountAop.java:31] getCurrentAccount([])
2025-04-06 22:42:22,758 INFO [main] c.e.d.a.a.AccountAop [AccountAop.java:27] login([1, 1])
2025-04-06 22:42:22,763 INFO [main] c.e.d.a.a.AccountAop [AccountAop.java:31] getCurrentAccount([])
2025-04-06 22:42:22,780 INFO [main] c.e.d.a.a.AccountAop [AccountAop.java:27] login([1, 1])
2025-04-06 22:43:03,014 INFO [main] c.e.d.a.a.AccountAop [AccountAop.java:31] getCurrentAccount([])
2025-04-06 22:43:03,064 INFO [main] c.e.d.a.a.AccountAop [AccountAop.java:31] getCurrentAccount([])
2025-04-06 22:43:03,070 INFO [main] c.e.d.a.a.AccountAop [AccountAop.java:27] login([1, 1])
2025-04-06 22:43:03,075 INFO [main] c.e.d.a.a.AccountAop [AccountAop.java:31] getCurrentAccount([])
2025-04-06 22:43:03,077 INFO [main] c.e.d.a.a.AccountAop [AccountAop.java:31] getCurrentAccount([])
2025-04-06 22:43:03,078 INFO [main] c.e.d.a.a.AccountAop [AccountAop.java:31] logout([])
2025-04-06 22:43:03,092 INFO [main] c.e.d.a.a.AccountAop [AccountAop.java:31] getCurrentAccount([])
2025-04-06 22:43:03,104 INFO [main] c.e.d.a.a.AccountAop [AccountAop.java:31] getCurrentAccount([])
2025-04-06 22:43:03,108 INFO [main] c.e.d.a.a.AccountAop [AccountAop.java:27] login([1, 1])
2025-04-06 22:43:03,110 INFO [main] c.e.d.a.a.AccountAop [AccountAop.java:31] logout([])
2025-04-06 22:43:03,111 INFO [main] c.e.d.a.a.AccountAop [AccountAop.java:31] getCurrentAccount([])
2025-04-06 22:43:03,113 INFO [main] c.e.d.a.a.AccountAop [AccountAop.java:31] getCurrentAccount([])
2025-04-06 22:43:03,120 INFO [main] c.e.d.a.a.AccountAop [AccountAop.java:31] getCurrentAccount([])
2025-04-06 22:43:03,128 INFO [main] c.e.d.a.a.AccountAop [AccountAop.java:31] getCurrentAccount([])
2025-04-06 22:46:03,227 INFO [main] c.e.d.a.a.AccountAop [AccountAop.java:31] getCurrentAccount([])
2025-04-06 22:46:05,044 INFO [main] c.e.d.a.a.AccountAop [AccountAop.java:27] login([1, 1])
2025-04-06 22:46:07,706 INFO [main] c.e.d.a.a.AccountAop [AccountAop.java:31] getCurrentAccount([])
2025-04-06 22:49:27,694 INFO [main] c.e.d.a.a.AccountAop [AccountAop.java:31] getCurrentAccount([])
2025-04-06 22:49:27,729 INFO [main] c.e.d.a.a.AccountAop [AccountAop.java:27] login([1, 1])
2025-04-06 22:49:27,736 INFO [main] c.e.d.a.a.AccountAop [AccountAop.java:31] getCurrentAccount([])
2025-04-06 22:49:27,737 INFO [main] c.e.d.a.a.AccountAop [AccountAop.java:31] getCurrentAccount([])
2025-04-06 22:49:27,738 INFO [main] c.e.d.a.a.AccountAop [AccountAop.java:31] logout([])
2025-04-06 22:49:27,764 INFO [main] c.e.d.a.a.AccountAop [AccountAop.java:31] getCurrentAccount([])
2025-04-06 22:49:27,774 INFO [main] c.e.d.a.a.AccountAop [AccountAop.java:31] getCurrentAccount([])
2025-04-06 22:49:27,778 INFO [main] c.e.d.a.a.AccountAop [AccountAop.java:27] login([1, 1])
2025-04-06 22:49:27,780 INFO [main] c.e.d.a.a.AccountAop [AccountAop.java:31] logout([])
2025-04-06 22:49:27,782 INFO [main] c.e.d.a.a.AccountAop [AccountAop.java:31] getCurrentAccount([])
2025-04-06 22:49:27,784 INFO [main] c.e.d.a.a.AccountAop [AccountAop.java:31] getCurrentAccount([])
2025-04-06 22:49:27,795 INFO [main] c.e.d.a.a.AccountAop [AccountAop.java:31] getCurrentAccount([])
2025-04-06 22:49:27,801 INFO [main] c.e.d.a.a.AccountAop [AccountAop.java:31] getCurrentAccount([])
2025-04-06 22:49:27,812 INFO [main] c.e.d.a.a.AccountAop [AccountAop.java:31] getCurrentAccount([])
2025-04-06 23:11:33,502 INFO [main] c.e.d.a.a.AccountAop [AccountAop.java:31] getCurrentAccount([])
2025-04-06 23:11:33,552 INFO [main] c.e.d.a.a.AccountAop [AccountAop.java:31] getCurrentAccount([])
2025-04-06 23:11:33,557 INFO [main] c.e.d.a.a.AccountAop [AccountAop.java:27] login([1, 1])
2025-04-06 23:11:33,562 INFO [main] c.e.d.a.a.AccountAop [AccountAop.java:31] getCurrentAccount([])
2025-04-06 23:11:33,563 INFO [main] c.e.d.a.a.AccountAop [AccountAop.java:31] getCurrentAccount([])
2025-04-06 23:11:33,565 INFO [main] c.e.d.a.a.AccountAop [AccountAop.java:31] logout([])
2025-04-06 23:11:33,582 INFO [main] c.e.d.a.a.AccountAop [AccountAop.java:31] getCurrentAccount([])
2025-04-06 23:11:33,591 INFO [main] c.e.d.a.a.AccountAop [AccountAop.java:31] getCurrentAccount([])
2025-04-06 23:11:33,595 INFO [main] c.e.d.a.a.AccountAop [AccountAop.java:27] login([1, 1])
2025-04-06 23:11:33,597 INFO [main] c.e.d.a.a.AccountAop [AccountAop.java:31] logout([])
2025-04-06 23:11:33,598 INFO [main] c.e.d.a.a.AccountAop [AccountAop.java:31] getCurrentAccount([])
2025-04-06 23:11:33,601 INFO [main] c.e.d.a.a.AccountAop [AccountAop.java:31] getCurrentAccount([])
2025-04-06 23:11:33,606 INFO [main] c.e.d.a.a.AccountAop [AccountAop.java:31] getCurrentAccount([])
2025-04-06 23:11:33,615 INFO [main] c.e.d.a.a.AccountAop [AccountAop.java:31] getCurrentAccount([])
2025-04-06 23:13:05,426 INFO [main] c.e.d.a.a.AccountAop [AccountAop.java:27] login([2, 2])
2025-04-06 23:13:10,133 INFO [main] c.e.d.a.a.AccountAop [AccountAop.java:27] login([1, 1])
2025-04-06 23:13:12,705 INFO [main] c.e.d.a.a.AccountAop [AccountAop.java:31] getCurrentAccount([])
2025-04-06 23:13:15,816 INFO [main] c.e.d.a.a.AccountAop [AccountAop.java:31] logout([])
2025-04-06 23:13:29,702 INFO [main] c.e.d.a.a.AccountAop [AccountAop.java:31] getCurrentAccount([])
2025-04-06 23:54:07,322 INFO [main] c.e.d.a.a.AccountAop [AccountAop.java:27] login([1, 1])
2025-04-06 23:54:07,338 INFO [main] c.e.d.a.a.AccountAop [AccountAop.java:31] logout([])
2025-04-06 23:54:13,060 INFO [main] c.e.d.a.a.AccountAop [AccountAop.java:31] getCurrentAccount([])
2025-04-06 23:54:13,062 INFO [main] c.e.d.a.a.AccountAop [AccountAop.java:31] getCurrentAccount([])
2025-04-06 23:54:13,074 INFO [main] c.e.d.a.a.AccountAop [AccountAop.java:27] login([1, 1])
2025-04-06 23:54:13,092 INFO [main] c.e.d.a.a.AccountAop [AccountAop.java:31] getCurrentAccount([])
2025-04-06 23:54:13,099 INFO [main] c.e.d.a.a.AccountAop [AccountAop.java:31] getCurrentAccount([])
2025-04-06 23:54:13,099 INFO [main] c.e.d.a.a.AccountAop [AccountAop.java:31] logout([])
2025-04-06 23:54:13,102 INFO [main] c.e.d.a.a.AccountAop [AccountAop.java:27] login([1, 1])
2025-04-06 23:54:13,164 INFO [main] c.e.d.a.a.AccountAop [AccountAop.java:31] getCurrentAccount([])
2025-04-06 23:54:13,164 INFO [main] c.e.d.a.a.AccountAop [AccountAop.java:31] logout([])
2025-04-06 23:54:13,168 INFO [main] c.e.d.a.a.AccountAop [AccountAop.java:31] getCurrentAccount([])
2025-04-06 23:54:13,171 INFO [main] c.e.d.a.a.AccountAop [AccountAop.java:27] login([1, 1])
2025-04-06 23:54:13,172 INFO [main] c.e.d.a.a.AccountAop [AccountAop.java:31] logout([])
2025-04-06 23:54:13,173 INFO [main] c.e.d.a.a.AccountAop [AccountAop.java:31] getCurrentAccount([])
2025-04-06 23:54:13,173 INFO [main] c.e.d.a.a.AccountAop [AccountAop.java:31] getCurrentAccount([])
2025-04-06 23:54:13,176 INFO [main] c.e.d.a.a.AccountAop [AccountAop.java:27] login([1, 1])
2025-04-06 23:54:13,178 INFO [main] c.e.d.a.a.AccountAop [AccountAop.java:31] getCurrentAccount([])
2025-04-06 23:54:13,181 INFO [main] c.e.d.a.a.AccountAop [AccountAop.java:31] getCurrentAccount([])
2025-04-06 23:54:13,181 INFO [main] c.e.d.a.a.AccountAop [AccountAop.java:31] logout([])
2025-04-06 23:54:41,788 INFO [main] c.e.d.a.a.AccountAop [AccountAop.java:31] getCurrentAccount([])
2025-04-06 23:54:41,836 INFO [main] c.e.d.a.a.AccountAop [AccountAop.java:31] getCurrentAccount([])
2025-04-06 23:54:41,840 INFO [main] c.e.d.a.a.AccountAop [AccountAop.java:27] login([1, 1])
2025-04-06 23:54:41,847 INFO [main] c.e.d.a.a.AccountAop [AccountAop.java:31] getCurrentAccount([])
2025-04-06 23:54:41,848 INFO [main] c.e.d.a.a.AccountAop [AccountAop.java:31] getCurrentAccount([])
2025-04-06 23:54:41,849 INFO [main] c.e.d.a.a.AccountAop [AccountAop.java:31] logout([])
2025-04-06 23:54:41,896 INFO [main] c.e.d.a.a.AccountAop [AccountAop.java:31] getCurrentAccount([])
2025-04-06 23:54:41,915 INFO [main] c.e.d.a.a.AccountAop [AccountAop.java:31] getCurrentAccount([])
2025-04-06 23:54:41,919 INFO [main] c.e.d.a.a.AccountAop [AccountAop.java:27] login([1, 1])
2025-04-06 23:54:41,921 INFO [main] c.e.d.a.a.AccountAop [AccountAop.java:31] logout([])
2025-04-06 23:54:41,921 INFO [main] c.e.d.a.a.AccountAop [AccountAop.java:31] getCurrentAccount([])
2025-04-06 23:54:41,923 INFO [main] c.e.d.a.a.AccountAop [AccountAop.java:31] getCurrentAccount([])
2025-04-06 23:54:41,928 INFO [main] c.e.d.a.a.AccountAop [AccountAop.java:31] getCurrentAccount([])
2025-04-06 23:54:41,935 INFO [main] c.e.d.a.a.AccountAop [AccountAop.java:31] getCurrentAccount([])
2025-04-06 23:55:21,032 INFO [main] c.e.d.a.a.AccountAop [AccountAop.java:31] getCurrentAccount([])
2025-04-06 23:55:26,517 INFO [main] c.e.d.a.a.AccountAop [AccountAop.java:31] getCurrentAccount([])
2025-04-06 23:55:26,559 INFO [main] c.e.d.a.a.AccountAop [AccountAop.java:31] getCurrentAccount([])
2025-04-06 23:55:26,564 INFO [main] c.e.d.a.a.AccountAop [AccountAop.java:27] login([1, 1])
2025-04-06 23:55:26,569 INFO [main] c.e.d.a.a.AccountAop [AccountAop.java:31] getCurrentAccount([])
2025-04-06 23:55:26,571 INFO [main] c.e.d.a.a.AccountAop [AccountAop.java:31] getCurrentAccount([])
2025-04-06 23:55:26,572 INFO [main] c.e.d.a.a.AccountAop [AccountAop.java:31] logout([])
2025-04-06 23:55:26,588 INFO [main] c.e.d.a.a.AccountAop [AccountAop.java:31] getCurrentAccount([])
2025-04-06 23:55:26,598 INFO [main] c.e.d.a.a.AccountAop [AccountAop.java:31] getCurrentAccount([])
2025-04-06 23:55:26,602 INFO [main] c.e.d.a.a.AccountAop [AccountAop.java:27] login([1, 1])
2025-04-06 23:55:26,603 INFO [main] c.e.d.a.a.AccountAop [AccountAop.java:31] logout([])
2025-04-06 23:55:26,604 INFO [main] c.e.d.a.a.AccountAop [AccountAop.java:31] getCurrentAccount([])
2025-04-06 23:55:26,606 INFO [main] c.e.d.a.a.AccountAop [AccountAop.java:31] getCurrentAccount([])
2025-04-06 23:55:26,612 INFO [main] c.e.d.a.a.AccountAop [AccountAop.java:31] getCurrentAccount([])
2025-04-06 23:55:26,620 INFO [main] c.e.d.a.a.AccountAop [AccountAop.java:31] getCurrentAccount([])
