2024-08-01 13:39:10,685 INFO [main] c.e.d.p.a.PriceAop [PriceAop.java:37] ----- 선도형 class com.example.demo.shell.MyCommands.city([]) ----->
2024-08-01 13:39:10,689 INFO [main] c.e.d.p.a.PriceAop [PriceAop.java:41] <----- 선도형 class com.example.demo.shell.MyCommands.city([]) -----
2024-08-01 13:39:46,560 INFO [main] c.e.d.p.a.PriceAop [PriceAop.java:37] ----- 선도형 class com.example.demo.shell.MyCommands.city([]) ----->
2024-08-01 13:39:46,565 INFO [main] c.e.d.p.a.PriceAop [PriceAop.java:41] <----- 선도형 class com.example.demo.shell.MyCommands.city([]) -----
2024-08-01 13:40:30,178 INFO [main] c.e.d.p.a.PriceAop [PriceAop.java:37] ----- 선도형 class com.example.demo.shell.MyCommands.city([]) ----->
2024-08-01 13:40:30,185 INFO [main] c.e.d.p.a.PriceAop [PriceAop.java:41] <----- 선도형 class com.example.demo.shell.MyCommands.city([동두천시, 파주시, 광주시, 양주시, 단양군, 서산시, 논산시, 금산군, 정읍시, 나주시, 장흥군, 함평군, 완도군, 진도군, 청송군, 고령군, 예천군, 통영시, 사천시, 거제시, 고성군]) -----
2024-08-01 13:43:17,163 INFO [main] c.e.d.p.a.PriceAop [PriceAop.java:37] ----- 선도형 class com.example.demo.shell.MyCommands.billTotal([동두천시, 가정용, 10]) ----->
2024-08-01 13:43:17,168 INFO [main] c.e.d.p.a.PriceAop [PriceAop.java:41] <----- 선도형 class com.example.demo.shell.MyCommands.billTotal(city: 동두천시, sector: 가정용, unit price(won) : 690, bill total(won): 4761000) -----
2024-08-01 13:44:42,102 INFO [main] c.e.d.p.a.PriceAop [PriceAop.java:37] ----- 선도형 class com.example.demo.shell.MyCommands.billTotal([동두천시, 가정용, 10]) ----->
2024-08-01 13:44:42,111 INFO [main] c.e.d.p.a.PriceAop [PriceAop.java:41] <----- 선도형 class com.example.demo.shell.MyCommands.billTotal(city: 동두천시, sector: 가정용, unit price(won) : 690, bill total(won): 10) -----
2024-08-01 13:45:23,426 INFO [main] c.e.d.p.a.PriceAop [PriceAop.java:37] ----- 선도형 class com.example.demo.shell.MyCommands.billTotal([동두천시, 가정용, 10]) ----->
2024-08-01 13:45:23,431 INFO [main] c.e.d.p.a.PriceAop [PriceAop.java:41] <----- 선도형 class com.example.demo.shell.MyCommands.billTotal(city: 동두천시, sector: 가정용, unit price(won) : 690, bill total(won): 690) -----
2024-08-01 13:45:53,930 INFO [main] c.e.d.p.a.PriceAop [PriceAop.java:37] ----- 선도형 class com.example.demo.shell.MyCommands.billTotal([동두천시, 가정용, 10]) ----->
2024-08-01 13:45:53,936 INFO [main] c.e.d.p.a.PriceAop [PriceAop.java:41] <----- 선도형 class com.example.demo.shell.MyCommands.billTotal(city: 동두천시, sector: 가정용, unit price(won) : 690, bill total(won): 4761000) -----
2024-08-01 13:46:50,221 INFO [main] c.e.d.p.a.PriceAop [PriceAop.java:37] ----- 선도형 class com.example.demo.shell.MyCommands.billTotal([동두천시, 가정용, 10]) ----->
2024-08-01 13:46:50,227 INFO [main] c.e.d.p.a.PriceAop [PriceAop.java:41] <----- 선도형 class com.example.demo.shell.MyCommands.billTotal(city: 동두천시, sector: 가정용, unit price(won) : 690, bill total(won): 4761000) -----
2024-08-01 13:48:40,288 INFO [main] c.e.d.p.a.PriceAop [PriceAop.java:37] ----- 선도형 class com.example.demo.shell.MyCommands.billTotal([동두천시, 가정용, 10]) ----->
2024-08-01 13:48:40,295 INFO [main] c.e.d.p.a.PriceAop [PriceAop.java:41] <----- 선도형 class com.example.demo.shell.MyCommands.billTotal(city: 동두천시, sector: 가정용, unit price(won) : 690, bill total(won): 6900) -----
2024-08-01 15:31:21,997 INFO [main] c.e.d.p.a.PriceAop [PriceAop.java:37] ----- 선도형 class com.example.demo.shell.MyCommands.city([]) ----->
2024-08-01 15:31:22,003 INFO [main] c.e.d.p.a.PriceAop [PriceAop.java:41] <----- 선도형 class com.example.demo.shell.MyCommands.city([동두천시, 파주시, 광주시, 양주시, 단양군, 서산시, 논산시, 금산군, 정읍시, 나주시, 장흥군, 함평군, 완도군, 진도군, 청송군, 고령군, 예천군, 통영시, 사천시, 거제시, 고성군]) -----
2024-08-01 15:31:52,289 INFO [main] c.e.d.p.a.PriceAop [PriceAop.java:37] ----- 선도형 class com.example.demo.shell.MyCommands.city([]) ----->
2024-08-01 15:31:52,294 INFO [main] c.e.d.p.a.PriceAop [PriceAop.java:41] <----- 선도형 class com.example.demo.shell.MyCommands.city([동두천시, 파주시, 광주시, 양주시, 단양군, 서산시, 논산시, 금산군, 정읍시, 나주시, 장흥군, 함평군, 완도군, 진도군, 청송군, 고령군, 예천군, 통영시, 사천시, 거제시, 고성군]) -----
2024-08-01 15:32:30,827 INFO [main] c.e.d.p.a.PriceAop [PriceAop.java:37] ----- 선도형 class com.example.demo.shell.MyCommands.city([]) ----->
2024-08-01 15:32:30,834 INFO [main] c.e.d.p.a.PriceAop [PriceAop.java:41] <----- 선도형 class com.example.demo.shell.MyCommands.city([동두천시, 파주시, 광주시, 양주시, 단양군, 서산시, 논산시, 금산군, 정읍시, 나주시, 장흥군, 함평군, 완도군, 진도군, 청송군, 고령군, 예천군, 통영시, 사천시, 거제시, 고성군]) -----
2024-08-01 15:32:54,666 INFO [main] c.e.d.p.a.PriceAop [PriceAop.java:37] ----- 선도형 class com.example.demo.shell.MyCommands.sector([동두천시]) ----->
2024-08-01 15:32:54,672 INFO [main] c.e.d.p.a.PriceAop [PriceAop.java:41] <----- 선도형 class com.example.demo.shell.MyCommands.sector([가정용, 일반용, 일반용(미), 전용공업용, 발전용]) -----
2024-08-01 15:38:18,741 INFO [main] c.e.d.p.a.PriceAop [PriceAop.java:37] ----- 선도형 class com.example.demo.shell.MyCommands.city([]) ----->
2024-08-01 15:38:18,747 INFO [main] c.e.d.p.a.PriceAop [PriceAop.java:41] <----- 선도형 class com.example.demo.shell.MyCommands.city([동두천시, 파주시, 광주시, 양주시, 단양군, 서산시, 논산시, 금산군, 정읍시, 나주시, 장흥군, 함평군, 완도군, 진도군, 청송군, 고령군, 예천군, 통영시, 사천시, 거제시, 고성군]) -----
2024-08-01 15:38:18,750 INFO [main] c.e.d.p.a.PriceAop [PriceAop.java:37] ----- 선도형 class com.example.demo.shell.MyCommands.sector([동두천시]) ----->
2024-08-01 15:38:18,752 INFO [main] c.e.d.p.a.PriceAop [PriceAop.java:41] <----- 선도형 class com.example.demo.shell.MyCommands.sector([가정용, 일반용, 일반용(미), 전용공업용, 발전용]) -----
2024-08-01 15:39:02,871 INFO [main] c.e.d.p.a.PriceAop [PriceAop.java:37] ----- 선도형 class com.example.demo.shell.MyCommands.city([]) ----->
2024-08-01 15:39:02,877 INFO [main] c.e.d.p.a.PriceAop [PriceAop.java:41] <----- 선도형 class com.example.demo.shell.MyCommands.city([동두천시, 파주시, 광주시, 양주시, 단양군, 서산시, 논산시, 금산군, 정읍시, 나주시, 장흥군, 함평군, 완도군, 진도군, 청송군, 고령군, 예천군, 통영시, 사천시, 거제시, 고성군]) -----
2024-08-01 15:39:02,879 INFO [main] c.e.d.p.a.PriceAop [PriceAop.java:37] ----- 선도형 class com.example.demo.shell.MyCommands.sector([동두천시]) ----->
2024-08-01 15:39:02,881 INFO [main] c.e.d.p.a.PriceAop [PriceAop.java:41] <----- 선도형 class com.example.demo.shell.MyCommands.sector([가정용, 일반용, 일반용(미), 전용공업용, 발전용]) -----
2024-08-01 15:39:18,064 INFO [main] c.e.d.p.a.PriceAop [PriceAop.java:37] ----- 선도형 class com.example.demo.shell.MyCommands.city([]) ----->
2024-08-01 15:39:18,070 INFO [main] c.e.d.p.a.PriceAop [PriceAop.java:41] <----- 선도형 class com.example.demo.shell.MyCommands.city([동두천시, 파주시, 광주시, 양주시, 단양군, 서산시, 논산시, 금산군, 정읍시, 나주시, 장흥군, 함평군, 완도군, 진도군, 청송군, 고령군, 예천군, 통영시, 사천시, 거제시, 고성군]) -----
2024-08-01 15:39:18,072 INFO [main] c.e.d.p.a.PriceAop [PriceAop.java:37] ----- 선도형 class com.example.demo.shell.MyCommands.sector([동두천시]) ----->
2024-08-01 15:39:18,074 INFO [main] c.e.d.p.a.PriceAop [PriceAop.java:41] <----- 선도형 class com.example.demo.shell.MyCommands.sector([가정용, 일반용, 일반용(미), 전용공업용, 발전용]) -----
2024-08-01 15:40:24,220 INFO [main] c.e.d.p.a.PriceAop [PriceAop.java:37] ----- 선도형 class com.example.demo.shell.MyCommands.city([]) ----->
2024-08-01 15:40:24,226 INFO [main] c.e.d.p.a.PriceAop [PriceAop.java:41] <----- 선도형 class com.example.demo.shell.MyCommands.city([동두천시, 파주시, 광주시, 양주시, 단양군, 서산시, 논산시, 금산군, 정읍시, 나주시, 장흥군, 함평군, 완도군, 진도군, 청송군, 고령군, 예천군, 통영시, 사천시, 거제시, 고성군]) -----
2024-08-01 15:40:24,228 INFO [main] c.e.d.p.a.PriceAop [PriceAop.java:37] ----- 선도형 class com.example.demo.shell.MyCommands.sector([동두천시]) ----->
2024-08-01 15:40:24,230 INFO [main] c.e.d.p.a.PriceAop [PriceAop.java:41] <----- 선도형 class com.example.demo.shell.MyCommands.sector([가정용, 일반용, 일반용(미), 전용공업용, 발전용]) -----
2024-08-01 15:46:32,275 INFO [main] c.e.d.p.a.PriceAop [PriceAop.java:37] ----- 선도형 class com.example.demo.shell.MyCommands.city([]) ----->
2024-08-01 15:46:32,281 INFO [main] c.e.d.p.a.PriceAop [PriceAop.java:41] <----- 선도형 class com.example.demo.shell.MyCommands.city([동두천시, 파주시, 광주시, 양주시, 단양군, 서산시, 논산시, 금산군, 정읍시, 나주시, 장흥군, 함평군, 완도군, 진도군, 청송군, 고령군, 예천군, 통영시, 사천시, 거제시, 고성군]) -----
2024-08-01 15:46:32,284 INFO [main] c.e.d.p.a.PriceAop [PriceAop.java:37] ----- 선도형 class com.example.demo.shell.MyCommands.sector([동두천시]) ----->
2024-08-01 15:46:32,285 INFO [main] c.e.d.p.a.PriceAop [PriceAop.java:41] <----- 선도형 class com.example.demo.shell.MyCommands.sector([가정용, 일반용, 일반용(미), 전용공업용, 발전용]) -----
2024-08-01 15:50:53,273 INFO [main] c.e.d.p.a.PriceAop [PriceAop.java:37] ----- 선도형 class com.example.demo.shell.MyCommands.city([]) ----->
2024-08-01 15:50:53,279 INFO [main] c.e.d.p.a.PriceAop [PriceAop.java:41] <----- 선도형 class com.example.demo.shell.MyCommands.city([동두천시, 파주시, 광주시, 양주시, 단양군, 서산시, 논산시, 금산군, 정읍시, 나주시, 장흥군, 함평군, 완도군, 진도군, 청송군, 고령군, 예천군, 통영시, 사천시, 거제시, 고성군]) -----
2024-08-01 15:50:53,282 INFO [main] c.e.d.p.a.PriceAop [PriceAop.java:37] ----- 선도형 class com.example.demo.shell.MyCommands.sector([동두천시]) ----->
2024-08-01 15:50:53,284 INFO [main] c.e.d.p.a.PriceAop [PriceAop.java:41] <----- 선도형 class com.example.demo.shell.MyCommands.sector([가정용, 일반용, 일반용(미), 전용공업용, 발전용]) -----
2024-08-01 15:59:32,496 INFO [main] c.e.d.p.a.PriceAop [PriceAop.java:37] ----- 선도형 class com.example.demo.shell.MyCommands.sector([동두천시]) ----->
2024-08-01 15:59:32,502 INFO [main] c.e.d.p.a.PriceAop [PriceAop.java:41] <----- 선도형 class com.example.demo.shell.MyCommands.sector([가정용, 일반용, 일반용(미), 전용공업용, 발전용]) -----
2024-08-01 16:04:14,111 INFO [main] c.e.d.p.a.PriceAop [PriceAop.java:37] ----- 선도형 class com.example.demo.shell.MyCommands.city([]) ----->
2024-08-01 16:04:14,116 INFO [main] c.e.d.p.a.PriceAop [PriceAop.java:41] <----- 선도형 class com.example.demo.shell.MyCommands.city([동두천시, 파주시, 광주시, 양주시, 단양군, 서산시, 논산시, 금산군, 정읍시, 나주시, 장흥군, 함평군, 완도군, 진도군, 청송군, 고령군, 예천군, 통영시, 사천시, 거제시, 고성군]) -----
2024-08-01 16:04:14,119 INFO [main] c.e.d.p.a.PriceAop [PriceAop.java:37] ----- 선도형 class com.example.demo.shell.MyCommands.sector([동두천시]) ----->
2024-08-01 16:04:14,120 INFO [main] c.e.d.p.a.PriceAop [PriceAop.java:41] <----- 선도형 class com.example.demo.shell.MyCommands.sector([가정용, 일반용, 일반용(미), 전용공업용, 발전용]) -----
2024-08-01 16:04:30,258 INFO [main] c.e.d.p.a.PriceAop [PriceAop.java:37] ----- 선도형 class com.example.demo.shell.MyCommands.city([]) ----->
2024-08-01 16:04:30,260 INFO [main] c.e.d.p.a.PriceAop [PriceAop.java:41] <----- 선도형 class com.example.demo.shell.MyCommands.city([동두천시, 파주시, 광주시, 양주시, 단양군, 서산시, 논산시, 금산군, 정읍시, 나주시, 장흥군, 함평군, 완도군, 진도군, 청송군, 고령군, 예천군, 통영시, 사천시, 거제시, 고성군]) -----
2024-08-01 16:04:30,264 INFO [main] c.e.d.p.a.PriceAop [PriceAop.java:37] ----- 선도형 class com.example.demo.shell.MyCommands.sector([동두천시]) ----->
2024-08-01 16:04:30,264 INFO [main] c.e.d.p.a.PriceAop [PriceAop.java:41] <----- 선도형 class com.example.demo.shell.MyCommands.sector([가정용, 일반용, 일반용(미), 전용공업용, 발전용]) -----
2024-08-01 16:08:59,468 INFO [main] c.e.d.p.a.PriceAop [PriceAop.java:37] ----- 선도형 class com.example.demo.shell.MyCommands.city([]) ----->
2024-08-01 16:08:59,474 INFO [main] c.e.d.p.a.PriceAop [PriceAop.java:41] <----- 선도형 class com.example.demo.shell.MyCommands.city([동두천시, 파주시, 광주시, 양주시, 단양군, 서산시, 논산시, 금산군, 정읍시, 나주시, 장흥군, 함평군, 완도군, 진도군, 청송군, 고령군, 예천군, 통영시, 사천시, 거제시, 고성군]) -----
2024-08-01 16:08:59,476 INFO [main] c.e.d.p.a.PriceAop [PriceAop.java:37] ----- 선도형 class com.example.demo.shell.MyCommands.sector([동두천시]) ----->
2024-08-01 16:08:59,478 INFO [main] c.e.d.p.a.PriceAop [PriceAop.java:41] <----- 선도형 class com.example.demo.shell.MyCommands.sector([가정용, 일반용, 일반용(미), 전용공업용, 발전용]) -----

2025-04-04 23:53:59,888 INFO [main] c.e.d.p.a.PriceAop [PriceAop.java:25] ----- 선도형 class String com.example.demo.shell.MyCommands.city()([]) --------->
2025-04-04 23:53:59,904 INFO [main] c.e.d.p.a.PriceAop [PriceAop.java:29] <----- 선도형 class String com.example.demo.shell.MyCommands.city()([동두천시, 파주시, 광주시, 양주시, 단양군, 서산시, 논산시, 금산군, 정읍시, 나주시, 장흥군, 함평군, 완도군, 진도군, 청송군, 고령군, 예천군, 통영시, 사천시, 거제시, 고성군]) ----
2025-04-04 23:55:41,547 INFO [main] c.e.d.p.a.PriceAop [PriceAop.java:25] ----- 선도형 class String com.example.demo.shell.MyCommands.sector(String)([동두천시]) --------->
2025-04-04 23:55:41,548 INFO [main] c.e.d.p.a.PriceAop [PriceAop.java:29] <----- 선도형 class String com.example.demo.shell.MyCommands.sector(String)([가정용, 일반용, 일반용(미), 전용공업용, 발전용]) ----
2025-04-04 23:56:11,073 INFO [main] c.e.d.p.a.PriceAop [PriceAop.java:25] ----- 선도형 class String com.example.demo.shell.MyCommands.price(String,String)([동두천시, 가정용]) --------->
2025-04-04 23:56:11,076 INFO [main] c.e.d.p.a.PriceAop [PriceAop.java:29] <----- 선도형 class String com.example.demo.shell.MyCommands.price(String,String)(Price(id=1, city=동두천시, sector=가정용, unitPrice=690)) ----
2025-04-04 23:56:22,056 INFO [main] c.e.d.p.a.PriceAop [PriceAop.java:25] ----- 선도형 class String com.example.demo.shell.MyCommands.billTotal(String,String,int)([동두천시, 가정용, 10]) --------->
2025-04-04 23:56:22,059 INFO [main] c.e.d.p.a.PriceAop [PriceAop.java:29] <----- 선도형 class String com.example.demo.shell.MyCommands.billTotal(String,String,int)(city: 동두천시, sector:가정용, unit price(won): 690, bill total(won)6900) ----2025-04-06 22:29:18,543 INFO [main] c.e.d.p.a.PriceAop [PriceAop.java:25] ----- 선도형 class String com.example.demo.shell.MyCommands.city()([]) --------->
2025-04-06 22:29:18,585 INFO [main] c.e.d.p.a.PriceAop [PriceAop.java:30] <----- 선도형 class String com.example.demo.shell.MyCommands.city()([동두천시, 파주시, 광주시, 양주시, 단양군, 서산시, 논산시, 금산군, 정읍시, 나주시, 장흥군, 함평군, 완도군, 진도군, 청송군, 고령군, 예천군, 통영시, 사천시, 거제시, 고성군]) ----
2025-04-06 22:29:18,613 INFO [main] c.e.d.p.a.PriceAop [PriceAop.java:25] ----- 선도형 class String com.example.demo.shell.MyCommands.city()([]) --------->
2025-04-06 22:29:18,615 INFO [main] c.e.d.p.a.PriceAop [PriceAop.java:30] <----- 선도형 class String com.example.demo.shell.MyCommands.city()([동두천시, 파주시, 광주시, 양주시, 단양군, 서산시, 논산시, 금산군, 정읍시, 나주시, 장흥군, 함평군, 완도군, 진도군, 청송군, 고령군, 예천군, 통영시, 사천시, 거제시, 고성군]) ----
2025-04-06 22:29:48,342 INFO [main] c.e.d.p.a.PriceAop [PriceAop.java:25] ----- 선도형 class String com.example.demo.shell.MyCommands.city()([]) --------->
2025-04-06 22:29:48,365 INFO [main] c.e.d.p.a.PriceAop [PriceAop.java:30] <----- 선도형 class String com.example.demo.shell.MyCommands.city()([동두천시, 파주시, 광주시, 양주시, 단양군, 서산시, 논산시, 금산군, 정읍시, 나주시, 장흥군, 함평군, 완도군, 진도군, 청송군, 고령군, 예천군, 통영시, 사천시, 거제시, 고성군]) ----
2025-04-06 22:29:48,392 INFO [main] c.e.d.p.a.PriceAop [PriceAop.java:25] ----- 선도형 class String com.example.demo.shell.MyCommands.city()([]) --------->
2025-04-06 22:29:48,395 INFO [main] c.e.d.p.a.PriceAop [PriceAop.java:30] <----- 선도형 class String com.example.demo.shell.MyCommands.city()([동두천시, 파주시, 광주시, 양주시, 단양군, 서산시, 논산시, 금산군, 정읍시, 나주시, 장흥군, 함평군, 완도군, 진도군, 청송군, 고령군, 예천군, 통영시, 사천시, 거제시, 고성군]) ----
2025-04-06 22:31:05,094 INFO [main] c.e.d.p.a.PriceAop [PriceAop.java:25] ----- 선도형 class String com.example.demo.shell.MyCommands.city()([]) --------->
2025-04-06 22:31:12,118 INFO [main] c.e.d.p.a.PriceAop [PriceAop.java:25] ----- 선도형 class String com.example.demo.shell.MyCommands.city()([]) --------->
2025-04-06 22:31:12,154 INFO [main] c.e.d.p.a.PriceAop [PriceAop.java:25] ----- 선도형 class String com.example.demo.shell.MyCommands.city()([]) --------->
2025-04-06 22:31:12,161 INFO [main] c.e.d.p.a.PriceAop [PriceAop.java:30] <----- 선도형 class String com.example.demo.shell.MyCommands.city()([동두천시, 파주시, 광주시, 양주시, 단양군, 서산시, 논산시, 금산군, 정읍시, 나주시, 장흥군, 함평군, 완도군, 진도군, 청송군, 고령군, 예천군, 통영시, 사천시, 거제시, 고성군]) ----
2025-04-06 22:32:42,797 INFO [main] c.e.d.p.a.PriceAop [PriceAop.java:25] ----- 선도형 class String com.example.demo.shell.MyCommands.city()([]) --------->
2025-04-06 22:32:42,837 INFO [main] c.e.d.p.a.PriceAop [PriceAop.java:25] ----- 선도형 class String com.example.demo.shell.MyCommands.city()([]) --------->
2025-04-06 22:32:42,842 INFO [main] c.e.d.p.a.PriceAop [PriceAop.java:30] <----- 선도형 class String com.example.demo.shell.MyCommands.city()([동두천시, 파주시, 광주시, 양주시, 단양군, 서산시, 논산시, 금산군, 정읍시, 나주시, 장흥군, 함평군, 완도군, 진도군, 청송군, 고령군, 예천군, 통영시, 사천시, 거제시, 고성군]) ----
2025-04-06 22:33:26,449 INFO [main] c.e.d.p.a.PriceAop [PriceAop.java:25] ----- 선도형 class String com.example.demo.shell.MyCommands.city()([]) --------->
2025-04-06 22:33:26,487 INFO [main] c.e.d.p.a.PriceAop [PriceAop.java:25] ----- 선도형 class String com.example.demo.shell.MyCommands.city()([]) --------->
2025-04-06 22:33:26,493 INFO [main] c.e.d.p.a.PriceAop [PriceAop.java:30] <----- 선도형 class String com.example.demo.shell.MyCommands.city()([동두천시, 파주시, 광주시, 양주시, 단양군, 서산시, 논산시, 금산군, 정읍시, 나주시, 장흥군, 함평군, 완도군, 진도군, 청송군, 고령군, 예천군, 통영시, 사천시, 거제시, 고성군]) ----
2025-04-06 22:33:26,501 INFO [main] c.e.d.p.a.PriceAop [PriceAop.java:25] ----- 선도형 class String com.example.demo.shell.MyCommands.sector(String)([동두천시]) --------->
2025-04-06 22:33:26,503 INFO [main] c.e.d.p.a.PriceAop [PriceAop.java:30] <----- 선도형 class String com.example.demo.shell.MyCommands.sector(String)([가정용, 일반용, 일반용(미), 전용공업용, 발전용]) ----
2025-04-06 22:33:26,587 INFO [main] c.e.d.p.a.PriceAop [PriceAop.java:25] ----- 선도형 class String com.example.demo.shell.MyCommands.city()([]) --------->
2025-04-06 22:33:59,813 INFO [main] c.e.d.p.a.PriceAop [PriceAop.java:25] ----- 선도형 class String com.example.demo.shell.MyCommands.city()([]) --------->
2025-04-06 22:33:59,838 INFO [main] c.e.d.p.a.PriceAop [PriceAop.java:30] <----- 선도형 class String com.example.demo.shell.MyCommands.city()([동두천시, 파주시, 광주시, 양주시, 단양군, 서산시, 논산시, 금산군, 정읍시, 나주시, 장흥군, 함평군, 완도군, 진도군, 청송군, 고령군, 예천군, 통영시, 사천시, 거제시, 고성군]) ----
2025-04-06 22:33:59,866 INFO [main] c.e.d.p.a.PriceAop [PriceAop.java:25] ----- 선도형 class String com.example.demo.shell.MyCommands.city()([]) --------->
2025-04-06 22:33:59,867 INFO [main] c.e.d.p.a.PriceAop [PriceAop.java:30] <----- 선도형 class String com.example.demo.shell.MyCommands.city()([동두천시, 파주시, 광주시, 양주시, 단양군, 서산시, 논산시, 금산군, 정읍시, 나주시, 장흥군, 함평군, 완도군, 진도군, 청송군, 고령군, 예천군, 통영시, 사천시, 거제시, 고성군]) ----
2025-04-06 22:33:59,875 INFO [main] c.e.d.p.a.PriceAop [PriceAop.java:25] ----- 선도형 class String com.example.demo.shell.MyCommands.sector(String)([동두천시]) --------->
2025-04-06 22:33:59,877 INFO [main] c.e.d.p.a.PriceAop [PriceAop.java:30] <----- 선도형 class String com.example.demo.shell.MyCommands.sector(String)([가정용, 일반용, 일반용(미), 전용공업용, 발전용]) ----
2025-04-06 22:33:59,949 INFO [main] c.e.d.p.a.PriceAop [PriceAop.java:25] ----- 선도형 class String com.example.demo.shell.MyCommands.city()([]) --------->
2025-04-06 22:33:59,951 INFO [main] c.e.d.p.a.PriceAop [PriceAop.java:30] <----- 선도형 class String com.example.demo.shell.MyCommands.city()([동두천시, 파주시, 광주시, 양주시, 단양군, 서산시, 논산시, 금산군, 정읍시, 나주시, 장흥군, 함평군, 완도군, 진도군, 청송군, 고령군, 예천군, 통영시, 사천시, 거제시, 고성군]) ----
2025-04-06 22:34:48,488 INFO [main] c.e.d.p.a.PriceAop [PriceAop.java:25] ----- 선도형 class String com.example.demo.shell.MyCommands.city()([]) --------->
2025-04-06 22:34:48,534 INFO [main] c.e.d.p.a.PriceAop [PriceAop.java:25] ----- 선도형 class String com.example.demo.shell.MyCommands.city()([]) --------->
2025-04-06 22:34:48,539 INFO [main] c.e.d.p.a.PriceAop [PriceAop.java:30] <----- 선도형 class String com.example.demo.shell.MyCommands.city()([동두천시, 파주시, 광주시, 양주시, 단양군, 서산시, 논산시, 금산군, 정읍시, 나주시, 장흥군, 함평군, 완도군, 진도군, 청송군, 고령군, 예천군, 통영시, 사천시, 거제시, 고성군]) ----
2025-04-06 22:34:48,549 INFO [main] c.e.d.p.a.PriceAop [PriceAop.java:25] ----- 선도형 class String com.example.demo.shell.MyCommands.sector(String)([동두천시]) --------->
2025-04-06 22:34:48,551 INFO [main] c.e.d.p.a.PriceAop [PriceAop.java:30] <----- 선도형 class String com.example.demo.shell.MyCommands.sector(String)([가정용, 일반용, 일반용(미), 전용공업용, 발전용]) ----
2025-04-06 22:34:48,633 INFO [main] c.e.d.p.a.PriceAop [PriceAop.java:25] ----- 선도형 class String com.example.demo.shell.MyCommands.city()([]) --------->
2025-04-06 22:35:31,754 INFO [main] c.e.d.p.a.PriceAop [PriceAop.java:25] ----- 선도형 class String com.example.demo.shell.MyCommands.city()([]) --------->
2025-04-06 22:35:31,792 INFO [main] c.e.d.p.a.PriceAop [PriceAop.java:25] ----- 선도형 class String com.example.demo.shell.MyCommands.city()([]) --------->
2025-04-06 22:35:31,797 INFO [main] c.e.d.p.a.PriceAop [PriceAop.java:30] <----- 선도형 class String com.example.demo.shell.MyCommands.city()([동두천시, 파주시, 광주시, 양주시, 단양군, 서산시, 논산시, 금산군, 정읍시, 나주시, 장흥군, 함평군, 완도군, 진도군, 청송군, 고령군, 예천군, 통영시, 사천시, 거제시, 고성군]) ----
2025-04-06 22:35:31,806 INFO [main] c.e.d.p.a.PriceAop [PriceAop.java:25] ----- 선도형 class String com.example.demo.shell.MyCommands.sector(String)([동두천시]) --------->
2025-04-06 22:35:31,808 INFO [main] c.e.d.p.a.PriceAop [PriceAop.java:30] <----- 선도형 class String com.example.demo.shell.MyCommands.sector(String)([가정용, 일반용, 일반용(미), 전용공업용, 발전용]) ----
2025-04-06 22:35:31,889 INFO [main] c.e.d.p.a.PriceAop [PriceAop.java:25] ----- 선도형 class String com.example.demo.shell.MyCommands.city()([]) --------->
2025-04-06 22:37:17,305 INFO [main] c.e.d.p.a.PriceAop [PriceAop.java:25] ----- 선도형 class String com.example.demo.shell.MyCommands.city()([]) --------->
2025-04-06 22:37:17,340 INFO [main] c.e.d.p.a.PriceAop [PriceAop.java:25] ----- 선도형 class String com.example.demo.shell.MyCommands.city()([]) --------->
2025-04-06 22:37:17,349 INFO [main] c.e.d.p.a.PriceAop [PriceAop.java:30] <----- 선도형 class String com.example.demo.shell.MyCommands.city()([동두천시, 파주시, 광주시, 양주시, 단양군, 서산시, 논산시, 금산군, 정읍시, 나주시, 장흥군, 함평군, 완도군, 진도군, 청송군, 고령군, 예천군, 통영시, 사천시, 거제시, 고성군]) ----
2025-04-06 22:37:17,357 INFO [main] c.e.d.p.a.PriceAop [PriceAop.java:25] ----- 선도형 class String com.example.demo.shell.MyCommands.sector(String)([동두천시]) --------->
2025-04-06 22:37:17,359 INFO [main] c.e.d.p.a.PriceAop [PriceAop.java:30] <----- 선도형 class String com.example.demo.shell.MyCommands.sector(String)([가정용, 일반용, 일반용(미), 전용공업용, 발전용]) ----
2025-04-06 22:37:17,428 INFO [main] c.e.d.p.a.PriceAop [PriceAop.java:25] ----- 선도형 class String com.example.demo.shell.MyCommands.city()([]) --------->
2025-04-06 22:46:03,226 INFO [main] c.e.d.p.a.PriceAop [PriceAop.java:25] ----- 선도형 class String com.example.demo.shell.MyCommands.city()([]) --------->
2025-04-06 22:46:05,044 INFO [main] c.e.d.p.a.PriceAop [PriceAop.java:25] ----- 선도형 class String com.example.demo.shell.MyCommands.login(long,String)([1, 1]) --------->
2025-04-06 22:46:05,102 INFO [main] c.e.d.p.a.PriceAop [PriceAop.java:30] <----- 선도형 class String com.example.demo.shell.MyCommands.login(long,String)(Account(id=1, password=1, name=선도형)) ----
2025-04-06 22:46:07,706 INFO [main] c.e.d.p.a.PriceAop [PriceAop.java:25] ----- 선도형 class String com.example.demo.shell.MyCommands.city()([]) --------->
2025-04-06 22:46:07,715 INFO [main] c.e.d.p.a.PriceAop [PriceAop.java:30] <----- 선도형 class String com.example.demo.shell.MyCommands.city()([동두천시, 파주시, 광주시, 양주시, 단양군, 서산시, 논산시, 금산군, 정읍시, 나주시, 장흥군, 함평군, 완도군, 진도군, 청송군, 고령군, 예천군, 통영시, 사천시, 거제시, 고성군]) ----
2025-04-06 23:13:05,425 INFO [main] c.e.d.p.a.PriceAop [PriceAop.java:25] ----- 선도형 class String com.example.demo.shell.MyCommands.login(long,String)([2, 2]) --------->
2025-04-06 23:13:05,441 INFO [main] c.e.d.p.a.PriceAop [PriceAop.java:30] <----- 선도형 class String com.example.demo.shell.MyCommands.login(long,String)(Account(id=2, password=2, name=sando)) ----
2025-04-06 23:13:10,133 INFO [main] c.e.d.p.a.PriceAop [PriceAop.java:25] ----- 선도형 class String com.example.demo.shell.MyCommands.login(long,String)([1, 1]) --------->
2025-04-06 23:13:12,705 INFO [main] c.e.d.p.a.PriceAop [PriceAop.java:25] ----- 선도형 class String com.example.demo.shell.MyCommands.city()([]) --------->
2025-04-06 23:13:12,708 INFO [main] c.e.d.p.a.PriceAop [PriceAop.java:30] <----- 선도형 class String com.example.demo.shell.MyCommands.city()([동두천시, 파주시, 광주시, 양주시, 단양군, 서산시, 논산시, 금산군, 정읍시, 나주시, 장흥군, 함평군, 완도군, 진도군, 청송군, 고령군, 예천군, 통영시, 사천시, 거제시, 고성군]) ----
2025-04-06 23:13:15,816 INFO [main] c.e.d.p.a.PriceAop [PriceAop.java:25] ----- 선도형 class String com.example.demo.shell.MyCommands.logout()([]) --------->
2025-04-06 23:13:15,817 INFO [main] c.e.d.p.a.PriceAop [PriceAop.java:30] <----- 선도형 class String com.example.demo.shell.MyCommands.logout()(good bye) ----
2025-04-06 23:13:29,701 INFO [main] c.e.d.p.a.PriceAop [PriceAop.java:25] ----- 선도형 class String com.example.demo.shell.MyCommands.city()([]) --------->
2025-04-06 23:13:47,282 INFO [main] c.e.d.p.a.PriceAop [PriceAop.java:25] ----- 선도형 class String com.example.demo.shell.MyCommands.sector(String)([동두천시]) --------->
2025-04-06 23:13:47,284 INFO [main] c.e.d.p.a.PriceAop [PriceAop.java:30] <----- 선도형 class String com.example.demo.shell.MyCommands.sector(String)([가정용, 일반용, 일반용(미), 전용공업용, 발전용]) ----
2025-04-06 23:53:04,174 INFO [main] c.e.d.p.a.PriceAop [PriceAop.java:25] ----- 선도형 class String com.example.demo.shell.MyCommands.billTotal(String,String,int)([동두천시, 가정용, 10]) --------->
2025-04-06 23:53:04,218 INFO [main] c.e.d.p.a.PriceAop [PriceAop.java:30] <----- 선도형 class String com.example.demo.shell.MyCommands.billTotal(String,String,int)(city: 동두천시, sector:가정용, unit price(won): 690, bill total(won): 6900) ----
2025-04-06 23:54:13,059 INFO [main] c.e.d.p.a.PriceAop [PriceAop.java:25] ----- 선도형 class String com.example.demo.shell.MyCommands.city()([]) --------->
2025-04-06 23:54:13,091 INFO [main] c.e.d.p.a.PriceAop [PriceAop.java:25] ----- 선도형 class String com.example.demo.shell.MyCommands.city()([]) --------->
2025-04-06 23:54:13,097 INFO [main] c.e.d.p.a.PriceAop [PriceAop.java:30] <----- 선도형 class String com.example.demo.shell.MyCommands.city()([동두천시, 파주시, 광주시, 양주시, 단양군, 서산시, 논산시, 금산군, 정읍시, 나주시, 장흥군, 함평군, 완도군, 진도군, 청송군, 고령군, 예천군, 통영시, 사천시, 거제시, 고성군]) ----
2025-04-06 23:54:13,103 INFO [main] c.e.d.p.a.PriceAop [PriceAop.java:25] ----- 선도형 class String com.example.demo.shell.MyCommands.sector(String)([동두천시]) --------->
2025-04-06 23:54:13,106 INFO [main] c.e.d.p.a.PriceAop [PriceAop.java:30] <----- 선도형 class String com.example.demo.shell.MyCommands.sector(String)([가정용, 일반용, 일반용(미), 전용공업용, 발전용]) ----
2025-04-06 23:54:13,173 INFO [main] c.e.d.p.a.PriceAop [PriceAop.java:25] ----- 선도형 class String com.example.demo.shell.MyCommands.city()([]) --------->
